This is pdfTeX, Version 3.14159265-2.6-1.40.18 (TeX Live 2017/Debian) (preloaded format=pdflatex 2018.7.4)  4 JUL 2018 01:13
entering extended mode
 restricted \write18 enabled.
 %&-line parsing enabled.
**refman
(./refman.tex
LaTeX2e <2017-04-15>
Babel <3.12> and hyphenation patterns for 7 language(s) loaded.
(/usr/share/texlive/texmf-dist/tex/latex/base/book.cls
Document Class: book 2014/09/29 v1.4h Standard LaTeX document class
(/usr/share/texlive/texmf-dist/tex/latex/base/bk10.clo
File: bk10.clo 2014/09/29 v1.4h Standard LaTeX file (size option)
)
\c@part=\count79
\c@chapter=\count80
\c@section=\count81
\c@subsection=\count82
\c@subsubsection=\count83
\c@paragraph=\count84
\c@subparagraph=\count85
\c@figure=\count86
\c@table=\count87
\abovecaptionskip=\skip41
\belowcaptionskip=\skip42
\bibindent=\dimen102
)
(/usr/share/texlive/texmf-dist/tex/latex/base/fixltx2e.sty
Package: fixltx2e 2016/12/29 v2.1a fixes to LaTeX (obsolete)
Applying: [2015/01/01] Old fixltx2e package on input line 46.


Package fixltx2e Warning: fixltx2e is not required with releases after 2015
(fixltx2e)                All fixes are now in the LaTeX kernel.
(fixltx2e)                See the latexrelease package for details.

Already applied: [0000/00/00] Old fixltx2e package on input line 53.
) (/usr/share/texlive/texmf-dist/tex/latex/tools/calc.sty
Package: calc 2014/10/28 v4.3 Infix arithmetic (KKT,FJ)
\calc@Acount=\count88
\calc@Bcount=\count89
\calc@Adimen=\dimen103
\calc@Bdimen=\dimen104
\calc@Askip=\skip43
\calc@Bskip=\skip44
LaTeX Info: Redefining \setlength on input line 80.
LaTeX Info: Redefining \addtolength on input line 81.
\calc@Ccount=\count90
\calc@Cskip=\skip45
) (./doxygen.sty
Package: doxygen 

(/usr/share/texlive/texmf-dist/tex/latex/base/alltt.sty
Package: alltt 1997/06/16 v2.0g defines alltt environment
)
(/usr/share/texlive/texmf-dist/tex/latex/tools/array.sty
Package: array 2016/10/06 v2.4d Tabular extension package (FMi)
\col@sep=\dimen105
\extrarowheight=\dimen106
\NC@list=\toks14
\extratabsurround=\skip46
\backup@length=\skip47
)
(/usr/share/texlive/texmf-dist/tex/latex/float/float.sty
Package: float 2001/11/08 v1.3d Float enhancements (AL)
\c@float@type=\count91
\float@exts=\toks15
\float@box=\box26
\@float@everytoks=\toks16
\@floatcapt=\box27
)
(/usr/share/texlive/texmf-dist/tex/latex/base/ifthen.sty
Package: ifthen 2014/09/29 v1.1c Standard LaTeX ifthen package (DPC)
)
(/usr/share/texlive/texmf-dist/tex/latex/tools/verbatim.sty
Package: verbatim 2014/10/28 v1.5q LaTeX2e package for verbatim enhancements
\every@verbatim=\toks17
\verbatim@line=\toks18
\verbatim@in@stream=\read1
)
(/usr/share/texlive/texmf-dist/tex/latex/xcolor/xcolor.sty
Package: xcolor 2016/05/11 v2.12 LaTeX color extensions (UK)

(/usr/share/texlive/texmf-dist/tex/latex/graphics-cfg/color.cfg
File: color.cfg 2016/01/02 v1.6 sample color configuration
)
Package xcolor Info: Driver file: pdftex.def on input line 225.

(/usr/share/texlive/texmf-dist/tex/latex/graphics-def/pdftex.def
File: pdftex.def 2017/06/24 v1.0g Graphics/color driver for pdftex
)
(/usr/share/texlive/texmf-dist/tex/latex/colortbl/colortbl.sty
Package: colortbl 2012/02/13 v1.0a Color table columns (DPC)
\everycr=\toks19
\minrowclearance=\skip48
)
\rownum=\count92
Package xcolor Info: Model `cmy' substituted by `cmy0' on input line 1348.
Package xcolor Info: Model `hsb' substituted by `rgb' on input line 1352.
Package xcolor Info: Model `RGB' extended on input line 1364.
Package xcolor Info: Model `HTML' substituted by `rgb' on input line 1366.
Package xcolor Info: Model `Hsb' substituted by `hsb' on input line 1367.
Package xcolor Info: Model `tHsb' substituted by `hsb' on input line 1368.
Package xcolor Info: Model `HSB' substituted by `hsb' on input line 1369.
Package xcolor Info: Model `Gray' substituted by `gray' on input line 1370.
Package xcolor Info: Model `wave' substituted by `hsb' on input line 1371.
)
(/usr/share/texlive/texmf-dist/tex/latex/tools/longtable.sty
Package: longtable 2014/10/28 v4.11 Multi-page Table package (DPC)
\LTleft=\skip49
\LTright=\skip50
\LTpre=\skip51
\LTpost=\skip52
\LTchunksize=\count93
\LTcapwidth=\dimen107
\LT@head=\box28
\LT@firsthead=\box29
\LT@foot=\box30
\LT@lastfoot=\box31
\LT@cols=\count94
\LT@rows=\count95
\c@LT@tables=\count96
\c@LT@chunks=\count97
\LT@p@ftn=\toks20
)
(/usr/share/texlive/texmf-dist/tex/latex/tabu/tabu.sty
Package: tabu 2011/02/26 v2.8 - flexible LaTeX tabulars (FC)

(/usr/share/texlive/texmf-dist/tex/latex/varwidth/varwidth.sty
Package: varwidth 2009/03/30 ver 0.92;  Variable-width minipages
\@vwid@box=\box32
\sift@deathcycles=\count98
\@vwid@loff=\dimen108
\@vwid@roff=\dimen109
)
\c@taburow=\count99
\tabu@nbcols=\count100
\tabu@cnt=\count101
\tabu@Xcol=\count102
\tabu@alloc=\count103
\tabu@nested=\count104
\tabu@target=\dimen110
\tabu@spreadtarget=\dimen111
\tabu@naturalX=\dimen112
\tabucolX=\dimen113
\tabu@Xsum=\dimen114
\extrarowdepth=\dimen115
\abovetabulinesep=\dimen116
\belowtabulinesep=\dimen117
\tabustrutrule=\dimen118
\tabu@thebody=\toks21
\tabu@footnotes=\toks22
\tabu@box=\box33
\tabu@arstrutbox=\box34
\tabu@hleads=\box35
\tabu@vleads=\box36
\tabu@cellskip=\skip53
)
(/usr/share/texlive/texmf-dist/tex/latex/tools/tabularx.sty
Package: tabularx 2016/02/03 v2.11 `tabularx' package (DPC)
\TX@col@width=\dimen119
\TX@old@table=\dimen120
\TX@old@col=\dimen121
\TX@target=\dimen122
\TX@delta=\dimen123
\TX@cols=\count105
\TX@ftn=\toks23
)
(/usr/share/texlive/texmf-dist/tex/latex/multirow/multirow.sty
Package: multirow 2016/11/25 v2.2 Span multiple rows of a table
\multirow@colwidth=\skip54
\multirow@cntb=\count106
\multirow@dima=\skip55
\bigstrutjot=\dimen124
)
\xrefbox=\box37
\xreflength=\skip56
)
(/usr/share/texlive/texmf-dist/tex/latex/adjustbox/adjustbox.sty
Package: adjustbox 2012/05/21 v1.0 Adjusting TeX boxes (trim, clip, ...)

(/usr/share/texlive/texmf-dist/tex/latex/xkeyval/xkeyval.sty
Package: xkeyval 2014/12/03 v2.7a package option processing (HA)

(/usr/share/texlive/texmf-dist/tex/generic/xkeyval/xkeyval.tex
(/usr/share/texlive/texmf-dist/tex/generic/xkeyval/xkvutils.tex
\XKV@toks=\toks24
\XKV@tempa@toks=\toks25

(/usr/share/texlive/texmf-dist/tex/generic/xkeyval/keyval.tex))
\XKV@depth=\count107
File: xkeyval.tex 2014/12/03 v2.7a key=value parser (HA)
))
(/usr/share/texlive/texmf-dist/tex/latex/adjustbox/adjcalc.sty
Package: adjcalc 2012/05/16 v1.1 Provides advanced setlength with multiple back
-ends (calc, etex, pgfmath)
)
(/usr/share/texlive/texmf-dist/tex/latex/adjustbox/trimclip.sty
Package: trimclip 2012/05/16 v1.0 Trim and clip general TeX material

(/usr/share/texlive/texmf-dist/tex/latex/graphics/graphicx.sty
Package: graphicx 2017/06/01 v1.1a Enhanced LaTeX Graphics (DPC,SPQR)

(/usr/share/texlive/texmf-dist/tex/latex/graphics/graphics.sty
Package: graphics 2017/06/25 v1.2c Standard LaTeX Graphics (DPC,SPQR)

(/usr/share/texlive/texmf-dist/tex/latex/graphics/trig.sty
Package: trig 2016/01/03 v1.10 sin cos tan (DPC)
)
(/usr/share/texlive/texmf-dist/tex/latex/graphics-cfg/graphics.cfg
File: graphics.cfg 2016/06/04 v1.11 sample graphics configuration
)
Package graphics Info: Driver file: pdftex.def on input line 99.
)
\Gin@req@height=\dimen125
\Gin@req@width=\dimen126
)
(/usr/share/texlive/texmf-dist/tex/latex/collectbox/collectbox.sty
Package: collectbox 2012/05/17 v0.4b Collect macro arguments as boxes
\collectedbox=\box38
)
\tc@llx=\dimen127
\tc@lly=\dimen128
\tc@urx=\dimen129
\tc@ury=\dimen130
Package trimclip Info: Using driver 'tc-pdftex.def'.

(/usr/share/texlive/texmf-dist/tex/latex/adjustbox/tc-pdftex.def
File: tc-pdftex.def 2012/05/13 v1.0 Clipping driver for pdftex
))
\adjbox@Width=\dimen131
\adjbox@Height=\dimen132
\adjbox@Depth=\dimen133
\adjbox@Totalheight=\dimen134

(/usr/share/texlive/texmf-dist/tex/latex/ifoddpage/ifoddpage.sty
Package: ifoddpage 2016/04/23 v1.1 Conditionals for odd/even page detection
\c@checkoddpage=\count108
))
(/usr/share/texlive/texmf-dist/tex/latex/base/inputenc.sty
Package: inputenc 2015/03/17 v1.2c Input encoding file
\inpenc@prehook=\toks26
\inpenc@posthook=\toks27

(/usr/share/texlive/texmf-dist/tex/latex/base/utf8.def
File: utf8.def 2017/01/28 v1.1t UTF-8 support for inputenc
Now handling font encoding OML ...
... no UTF-8 mapping file for font encoding OML
Now handling font encoding T1 ...
... processing UTF-8 mapping file for font encoding T1

(/usr/share/texlive/texmf-dist/tex/latex/base/t1enc.dfu
File: t1enc.dfu 2017/01/28 v1.1t UTF-8 support for inputenc
   defining Unicode char U+00A0 (decimal 160)
   defining Unicode char U+00A1 (decimal 161)
   defining Unicode char U+00A3 (decimal 163)
   defining Unicode char U+00AB (decimal 171)
   defining Unicode char U+00AD (decimal 173)
   defining Unicode char U+00BB (decimal 187)
   defining Unicode char U+00BF (decimal 191)
   defining Unicode char U+00C0 (decimal 192)
   defining Unicode char U+00C1 (decimal 193)
   defining Unicode char U+00C2 (decimal 194)
   defining Unicode char U+00C3 (decimal 195)
   defining Unicode char U+00C4 (decimal 196)
   defining Unicode char U+00C5 (decimal 197)
   defining Unicode char U+00C6 (decimal 198)
   defining Unicode char U+00C7 (decimal 199)
   defining Unicode char U+00C8 (decimal 200)
   defining Unicode char U+00C9 (decimal 201)
   defining Unicode char U+00CA (decimal 202)
   defining Unicode char U+00CB (decimal 203)
   defining Unicode char U+00CC (decimal 204)
   defining Unicode char U+00CD (decimal 205)
   defining Unicode char U+00CE (decimal 206)
   defining Unicode char U+00CF (decimal 207)
   defining Unicode char U+00D0 (decimal 208)
   defining Unicode char U+00D1 (decimal 209)
   defining Unicode char U+00D2 (decimal 210)
   defining Unicode char U+00D3 (decimal 211)
   defining Unicode char U+00D4 (decimal 212)
   defining Unicode char U+00D5 (decimal 213)
   defining Unicode char U+00D6 (decimal 214)
   defining Unicode char U+00D8 (decimal 216)
   defining Unicode char U+00D9 (decimal 217)
   defining Unicode char U+00DA (decimal 218)
   defining Unicode char U+00DB (decimal 219)
   defining Unicode char U+00DC (decimal 220)
   defining Unicode char U+00DD (decimal 221)
   defining Unicode char U+00DE (decimal 222)
   defining Unicode char U+00DF (decimal 223)
   defining Unicode char U+00E0 (decimal 224)
   defining Unicode char U+00E1 (decimal 225)
   defining Unicode char U+00E2 (decimal 226)
   defining Unicode char U+00E3 (decimal 227)
   defining Unicode char U+00E4 (decimal 228)
   defining Unicode char U+00E5 (decimal 229)
   defining Unicode char U+00E6 (decimal 230)
   defining Unicode char U+00E7 (decimal 231)
   defining Unicode char U+00E8 (decimal 232)
   defining Unicode char U+00E9 (decimal 233)
   defining Unicode char U+00EA (decimal 234)
   defining Unicode char U+00EB (decimal 235)
   defining Unicode char U+00EC (decimal 236)
   defining Unicode char U+00ED (decimal 237)
   defining Unicode char U+00EE (decimal 238)
   defining Unicode char U+00EF (decimal 239)
   defining Unicode char U+00F0 (decimal 240)
   defining Unicode char U+00F1 (decimal 241)
   defining Unicode char U+00F2 (decimal 242)
   defining Unicode char U+00F3 (decimal 243)
   defining Unicode char U+00F4 (decimal 244)
   defining Unicode char U+00F5 (decimal 245)
   defining Unicode char U+00F6 (decimal 246)
   defining Unicode char U+00F8 (decimal 248)
   defining Unicode char U+00F9 (decimal 249)
   defining Unicode char U+00FA (decimal 250)
   defining Unicode char U+00FB (decimal 251)
   defining Unicode char U+00FC (decimal 252)
   defining Unicode char U+00FD (decimal 253)
   defining Unicode char U+00FE (decimal 254)
   defining Unicode char U+00FF (decimal 255)
   defining Unicode char U+0100 (decimal 256)
   defining Unicode char U+0101 (decimal 257)
   defining Unicode char U+0102 (decimal 258)
   defining Unicode char U+0103 (decimal 259)
   defining Unicode char U+0104 (decimal 260)
   defining Unicode char U+0105 (decimal 261)
   defining Unicode char U+0106 (decimal 262)
   defining Unicode char U+0107 (decimal 263)
   defining Unicode char U+0108 (decimal 264)
   defining Unicode char U+0109 (decimal 265)
   defining Unicode char U+010A (decimal 266)
   defining Unicode char U+010B (decimal 267)
   defining Unicode char U+010C (decimal 268)
   defining Unicode char U+010D (decimal 269)
   defining Unicode char U+010E (decimal 270)
   defining Unicode char U+010F (decimal 271)
   defining Unicode char U+0110 (decimal 272)
   defining Unicode char U+0111 (decimal 273)
   defining Unicode char U+0112 (decimal 274)
   defining Unicode char U+0113 (decimal 275)
   defining Unicode char U+0114 (decimal 276)
   defining Unicode char U+0115 (decimal 277)
   defining Unicode char U+0116 (decimal 278)
   defining Unicode char U+0117 (decimal 279)
   defining Unicode char U+0118 (decimal 280)
   defining Unicode char U+0119 (decimal 281)
   defining Unicode char U+011A (decimal 282)
   defining Unicode char U+011B (decimal 283)
   defining Unicode char U+011C (decimal 284)
   defining Unicode char U+011D (decimal 285)
   defining Unicode char U+011E (decimal 286)
   defining Unicode char U+011F (decimal 287)
   defining Unicode char U+0120 (decimal 288)
   defining Unicode char U+0121 (decimal 289)
   defining Unicode char U+0122 (decimal 290)
   defining Unicode char U+0123 (decimal 291)
   defining Unicode char U+0124 (decimal 292)
   defining Unicode char U+0125 (decimal 293)
   defining Unicode char U+0128 (decimal 296)
   defining Unicode char U+0129 (decimal 297)
   defining Unicode char U+012A (decimal 298)
   defining Unicode char U+012B (decimal 299)
   defining Unicode char U+012C (decimal 300)
   defining Unicode char U+012D (decimal 301)
   defining Unicode char U+012E (decimal 302)
   defining Unicode char U+012F (decimal 303)
   defining Unicode char U+0130 (decimal 304)
   defining Unicode char U+0131 (decimal 305)
   defining Unicode char U+0132 (decimal 306)
   defining Unicode char U+0133 (decimal 307)
   defining Unicode char U+0134 (decimal 308)
   defining Unicode char U+0135 (decimal 309)
   defining Unicode char U+0136 (decimal 310)
   defining Unicode char U+0137 (decimal 311)
   defining Unicode char U+0139 (decimal 313)
   defining Unicode char U+013A (decimal 314)
   defining Unicode char U+013B (decimal 315)
   defining Unicode char U+013C (decimal 316)
   defining Unicode char U+013D (decimal 317)
   defining Unicode char U+013E (decimal 318)
   defining Unicode char U+0141 (decimal 321)
   defining Unicode char U+0142 (decimal 322)
   defining Unicode char U+0143 (decimal 323)
   defining Unicode char U+0144 (decimal 324)
   defining Unicode char U+0145 (decimal 325)
   defining Unicode char U+0146 (decimal 326)
   defining Unicode char U+0147 (decimal 327)
   defining Unicode char U+0148 (decimal 328)
   defining Unicode char U+014A (decimal 330)
   defining Unicode char U+014B (decimal 331)
   defining Unicode char U+014C (decimal 332)
   defining Unicode char U+014D (decimal 333)
   defining Unicode char U+014E (decimal 334)
   defining Unicode char U+014F (decimal 335)
   defining Unicode char U+0150 (decimal 336)
   defining Unicode char U+0151 (decimal 337)
   defining Unicode char U+0152 (decimal 338)
   defining Unicode char U+0153 (decimal 339)
   defining Unicode char U+0154 (decimal 340)
   defining Unicode char U+0155 (decimal 341)
   defining Unicode char U+0156 (decimal 342)
   defining Unicode char U+0157 (decimal 343)
   defining Unicode char U+0158 (decimal 344)
   defining Unicode char U+0159 (decimal 345)
   defining Unicode char U+015A (decimal 346)
   defining Unicode char U+015B (decimal 347)
   defining Unicode char U+015C (decimal 348)
   defining Unicode char U+015D (decimal 349)
   defining Unicode char U+015E (decimal 350)
   defining Unicode char U+015F (decimal 351)
   defining Unicode char U+0160 (decimal 352)
   defining Unicode char U+0161 (decimal 353)
   defining Unicode char U+0162 (decimal 354)
   defining Unicode char U+0163 (decimal 355)
   defining Unicode char U+0164 (decimal 356)
   defining Unicode char U+0165 (decimal 357)
   defining Unicode char U+0168 (decimal 360)
   defining Unicode char U+0169 (decimal 361)
   defining Unicode char U+016A (decimal 362)
   defining Unicode char U+016B (decimal 363)
   defining Unicode char U+016C (decimal 364)
   defining Unicode char U+016D (decimal 365)
   defining Unicode char U+016E (decimal 366)
   defining Unicode char U+016F (decimal 367)
   defining Unicode char U+0170 (decimal 368)
   defining Unicode char U+0171 (decimal 369)
   defining Unicode char U+0172 (decimal 370)
   defining Unicode char U+0173 (decimal 371)
   defining Unicode char U+0174 (decimal 372)
   defining Unicode char U+0175 (decimal 373)
   defining Unicode char U+0176 (decimal 374)
   defining Unicode char U+0177 (decimal 375)
   defining Unicode char U+0178 (decimal 376)
   defining Unicode char U+0179 (decimal 377)
   defining Unicode char U+017A (decimal 378)
   defining Unicode char U+017B (decimal 379)
   defining Unicode char U+017C (decimal 380)
   defining Unicode char U+017D (decimal 381)
   defining Unicode char U+017E (decimal 382)
   defining Unicode char U+01CD (decimal 461)
   defining Unicode char U+01CE (decimal 462)
   defining Unicode char U+01CF (decimal 463)
   defining Unicode char U+01D0 (decimal 464)
   defining Unicode char U+01D1 (decimal 465)
   defining Unicode char U+01D2 (decimal 466)
   defining Unicode char U+01D3 (decimal 467)
   defining Unicode char U+01D4 (decimal 468)
   defining Unicode char U+01E2 (decimal 482)
   defining Unicode char U+01E3 (decimal 483)
   defining Unicode char U+01E6 (decimal 486)
   defining Unicode char U+01E7 (decimal 487)
   defining Unicode char U+01E8 (decimal 488)
   defining Unicode char U+01E9 (decimal 489)
   defining Unicode char U+01EA (decimal 490)
   defining Unicode char U+01EB (decimal 491)
   defining Unicode char U+01F0 (decimal 496)
   defining Unicode char U+01F4 (decimal 500)
   defining Unicode char U+01F5 (decimal 501)
   defining Unicode char U+0218 (decimal 536)
   defining Unicode char U+0219 (decimal 537)
   defining Unicode char U+021A (decimal 538)
   defining Unicode char U+021B (decimal 539)
   defining Unicode char U+0232 (decimal 562)
   defining Unicode char U+0233 (decimal 563)
   defining Unicode char U+1E02 (decimal 7682)
   defining Unicode char U+1E03 (decimal 7683)
   defining Unicode char U+200C (decimal 8204)
   defining Unicode char U+2010 (decimal 8208)
   defining Unicode char U+2011 (decimal 8209)
   defining Unicode char U+2012 (decimal 8210)
   defining Unicode char U+2013 (decimal 8211)
   defining Unicode char U+2014 (decimal 8212)
   defining Unicode char U+2015 (decimal 8213)
   defining Unicode char U+2018 (decimal 8216)
   defining Unicode char U+2019 (decimal 8217)
   defining Unicode char U+201A (decimal 8218)
   defining Unicode char U+201C (decimal 8220)
   defining Unicode char U+201D (decimal 8221)
   defining Unicode char U+201E (decimal 8222)
   defining Unicode char U+2030 (decimal 8240)
   defining Unicode char U+2031 (decimal 8241)
   defining Unicode char U+2039 (decimal 8249)
   defining Unicode char U+203A (decimal 8250)
   defining Unicode char U+2423 (decimal 9251)
   defining Unicode char U+1E20 (decimal 7712)
   defining Unicode char U+1E21 (decimal 7713)
)
Now handling font encoding OT1 ...
... processing UTF-8 mapping file for font encoding OT1

(/usr/share/texlive/texmf-dist/tex/latex/base/ot1enc.dfu
File: ot1enc.dfu 2017/01/28 v1.1t UTF-8 support for inputenc
   defining Unicode char U+00A0 (decimal 160)
   defining Unicode char U+00A1 (decimal 161)
   defining Unicode char U+00A3 (decimal 163)
   defining Unicode char U+00AD (decimal 173)
   defining Unicode char U+00B8 (decimal 184)
   defining Unicode char U+00BF (decimal 191)
   defining Unicode char U+00C5 (decimal 197)
   defining Unicode char U+00C6 (decimal 198)
   defining Unicode char U+00D8 (decimal 216)
   defining Unicode char U+00DF (decimal 223)
   defining Unicode char U+00E6 (decimal 230)
   defining Unicode char U+00EC (decimal 236)
   defining Unicode char U+00ED (decimal 237)
   defining Unicode char U+00EE (decimal 238)
   defining Unicode char U+00EF (decimal 239)
   defining Unicode char U+00F8 (decimal 248)
   defining Unicode char U+0131 (decimal 305)
   defining Unicode char U+0141 (decimal 321)
   defining Unicode char U+0142 (decimal 322)
   defining Unicode char U+0152 (decimal 338)
   defining Unicode char U+0153 (decimal 339)
   defining Unicode char U+0174 (decimal 372)
   defining Unicode char U+0175 (decimal 373)
   defining Unicode char U+0176 (decimal 374)
   defining Unicode char U+0177 (decimal 375)
   defining Unicode char U+0218 (decimal 536)
   defining Unicode char U+0219 (decimal 537)
   defining Unicode char U+021A (decimal 538)
   defining Unicode char U+021B (decimal 539)
   defining Unicode char U+2013 (decimal 8211)
   defining Unicode char U+2014 (decimal 8212)
   defining Unicode char U+2018 (decimal 8216)
   defining Unicode char U+2019 (decimal 8217)
   defining Unicode char U+201C (decimal 8220)
   defining Unicode char U+201D (decimal 8221)
)
Now handling font encoding OMS ...
... processing UTF-8 mapping file for font encoding OMS

(/usr/share/texlive/texmf-dist/tex/latex/base/omsenc.dfu
File: omsenc.dfu 2017/01/28 v1.1t UTF-8 support for inputenc
   defining Unicode char U+00A7 (decimal 167)
   defining Unicode char U+00B6 (decimal 182)
   defining Unicode char U+00B7 (decimal 183)
   defining Unicode char U+2020 (decimal 8224)
   defining Unicode char U+2021 (decimal 8225)
   defining Unicode char U+2022 (decimal 8226)
)
Now handling font encoding OMX ...
... no UTF-8 mapping file for font encoding OMX
Now handling font encoding U ...
... no UTF-8 mapping file for font encoding U
   defining Unicode char U+00A9 (decimal 169)
   defining Unicode char U+00AA (decimal 170)
   defining Unicode char U+00AE (decimal 174)
   defining Unicode char U+00BA (decimal 186)
   defining Unicode char U+02C6 (decimal 710)
   defining Unicode char U+02DC (decimal 732)
   defining Unicode char U+200C (decimal 8204)
   defining Unicode char U+2026 (decimal 8230)
   defining Unicode char U+2122 (decimal 8482)
   defining Unicode char U+2423 (decimal 9251)
))
(/usr/share/texlive/texmf-dist/tex/latex/base/makeidx.sty
Package: makeidx 2014/09/29 v1.0m Standard LaTeX package
)
(/usr/share/texlive/texmf-dist/tex/latex/tools/multicol.sty
Package: multicol 2017/04/11 v1.8q multicolumn formatting (FMi)
\c@tracingmulticols=\count109
\mult@box=\box39
\multicol@leftmargin=\dimen135
\c@unbalance=\count110
\c@collectmore=\count111
\doublecol@number=\count112
\multicoltolerance=\count113
\multicolpretolerance=\count114
\full@width=\dimen136
\page@free=\dimen137
\premulticols=\dimen138
\postmulticols=\dimen139
\multicolsep=\skip57
\multicolbaselineskip=\skip58
\partial@page=\box40
\last@line=\box41
\maxbalancingoverflow=\dimen140
\mult@rightbox=\box42
\mult@grightbox=\box43
\mult@gfirstbox=\box44
\mult@firstbox=\box45
\@tempa=\box46
\@tempa=\box47
\@tempa=\box48
\@tempa=\box49
\@tempa=\box50
\@tempa=\box51
\@tempa=\box52
\@tempa=\box53
\@tempa=\box54
\@tempa=\box55
\@tempa=\box56
\@tempa=\box57
\@tempa=\box58
\@tempa=\box59
\@tempa=\box60
\@tempa=\box61
\@tempa=\box62
\c@columnbadness=\count115
\c@finalcolumnbadness=\count116
\last@try=\dimen141
\multicolovershoot=\dimen142
\multicolundershoot=\dimen143
\mult@nat@firstbox=\box63
\colbreak@box=\box64
\mc@col@check@num=\count117
)
(/usr/share/texlive/texmf-dist/tex/latex/base/textcomp.sty
Package: textcomp 2017/04/05 v2.0i Standard LaTeX package
Package textcomp Info: Sub-encoding information:
(textcomp)               5 = only ISO-Adobe without \textcurrency
(textcomp)               4 = 5 + \texteuro
(textcomp)               3 = 4 + \textohm
(textcomp)               2 = 3 + \textestimated + \textcurrency
(textcomp)               1 = TS1 - \textcircled - \t
(textcomp)               0 = TS1 (full)
(textcomp)             Font families with sub-encoding setting implement
(textcomp)             only a restricted character set as indicated.
(textcomp)             Family '?' is the default used for unknown fonts.
(textcomp)             See the documentation for details.
Package textcomp Info: Setting ? sub-encoding to TS1/1 on input line 79.

(/usr/share/texlive/texmf-dist/tex/latex/base/ts1enc.def
File: ts1enc.def 2001/06/05 v3.0e (jk/car/fm) Standard LaTeX file
Now handling font encoding TS1 ...
... processing UTF-8 mapping file for font encoding TS1

(/usr/share/texlive/texmf-dist/tex/latex/base/ts1enc.dfu
File: ts1enc.dfu 2017/01/28 v1.1t UTF-8 support for inputenc
   defining Unicode char U+00A2 (decimal 162)
   defining Unicode char U+00A3 (decimal 163)
   defining Unicode char U+00A4 (decimal 164)
   defining Unicode char U+00A5 (decimal 165)
   defining Unicode char U+00A6 (decimal 166)
   defining Unicode char U+00A7 (decimal 167)
   defining Unicode char U+00A8 (decimal 168)
   defining Unicode char U+00A9 (decimal 169)
   defining Unicode char U+00AA (decimal 170)
   defining Unicode char U+00AC (decimal 172)
   defining Unicode char U+00AE (decimal 174)
   defining Unicode char U+00AF (decimal 175)
   defining Unicode char U+00B0 (decimal 176)
   defining Unicode char U+00B1 (decimal 177)
   defining Unicode char U+00B2 (decimal 178)
   defining Unicode char U+00B3 (decimal 179)
   defining Unicode char U+00B4 (decimal 180)
   defining Unicode char U+00B5 (decimal 181)
   defining Unicode char U+00B6 (decimal 182)
   defining Unicode char U+00B7 (decimal 183)
   defining Unicode char U+00B9 (decimal 185)
   defining Unicode char U+00BA (decimal 186)
   defining Unicode char U+00BC (decimal 188)
   defining Unicode char U+00BD (decimal 189)
   defining Unicode char U+00BE (decimal 190)
   defining Unicode char U+00D7 (decimal 215)
   defining Unicode char U+00F7 (decimal 247)
   defining Unicode char U+0192 (decimal 402)
   defining Unicode char U+02C7 (decimal 711)
   defining Unicode char U+02D8 (decimal 728)
   defining Unicode char U+02DD (decimal 733)
   defining Unicode char U+0E3F (decimal 3647)
   defining Unicode char U+2016 (decimal 8214)
   defining Unicode char U+2020 (decimal 8224)
   defining Unicode char U+2021 (decimal 8225)
   defining Unicode char U+2022 (decimal 8226)
   defining Unicode char U+2030 (decimal 8240)
   defining Unicode char U+2031 (decimal 8241)
   defining Unicode char U+203B (decimal 8251)
   defining Unicode char U+203D (decimal 8253)
   defining Unicode char U+2044 (decimal 8260)
   defining Unicode char U+204E (decimal 8270)
   defining Unicode char U+2052 (decimal 8274)
   defining Unicode char U+20A1 (decimal 8353)
   defining Unicode char U+20A4 (decimal 8356)
   defining Unicode char U+20A6 (decimal 8358)
   defining Unicode char U+20A9 (decimal 8361)
   defining Unicode char U+20AB (decimal 8363)
   defining Unicode char U+20AC (decimal 8364)
   defining Unicode char U+20B1 (decimal 8369)
   defining Unicode char U+2103 (decimal 8451)
   defining Unicode char U+2116 (decimal 8470)
   defining Unicode char U+2117 (decimal 8471)
   defining Unicode char U+211E (decimal 8478)
   defining Unicode char U+2120 (decimal 8480)
   defining Unicode char U+2122 (decimal 8482)
   defining Unicode char U+2126 (decimal 8486)
   defining Unicode char U+2127 (decimal 8487)
   defining Unicode char U+212E (decimal 8494)
   defining Unicode char U+2190 (decimal 8592)
   defining Unicode char U+2191 (decimal 8593)
   defining Unicode char U+2192 (decimal 8594)
   defining Unicode char U+2193 (decimal 8595)
   defining Unicode char U+2329 (decimal 9001)
   defining Unicode char U+232A (decimal 9002)
   defining Unicode char U+2422 (decimal 9250)
   defining Unicode char U+25E6 (decimal 9702)
   defining Unicode char U+25EF (decimal 9711)
   defining Unicode char U+266A (decimal 9834)
))
LaTeX Info: Redefining \oldstylenums on input line 334.
Package textcomp Info: Setting cmr sub-encoding to TS1/0 on input line 349.
Package textcomp Info: Setting cmss sub-encoding to TS1/0 on input line 350.
Package textcomp Info: Setting cmtt sub-encoding to TS1/0 on input line 351.
Package textcomp Info: Setting cmvtt sub-encoding to TS1/0 on input line 352.
Package textcomp Info: Setting cmbr sub-encoding to TS1/0 on input line 353.
Package textcomp Info: Setting cmtl sub-encoding to TS1/0 on input line 354.
Package textcomp Info: Setting ccr sub-encoding to TS1/0 on input line 355.
Package textcomp Info: Setting ptm sub-encoding to TS1/4 on input line 356.
Package textcomp Info: Setting pcr sub-encoding to TS1/4 on input line 357.
Package textcomp Info: Setting phv sub-encoding to TS1/4 on input line 358.
Package textcomp Info: Setting ppl sub-encoding to TS1/3 on input line 359.
Package textcomp Info: Setting pag sub-encoding to TS1/4 on input line 360.
Package textcomp Info: Setting pbk sub-encoding to TS1/4 on input line 361.
Package textcomp Info: Setting pnc sub-encoding to TS1/4 on input line 362.
Package textcomp Info: Setting pzc sub-encoding to TS1/4 on input line 363.
Package textcomp Info: Setting bch sub-encoding to TS1/4 on input line 364.
Package textcomp Info: Setting put sub-encoding to TS1/5 on input line 365.
Package textcomp Info: Setting uag sub-encoding to TS1/5 on input line 366.
Package textcomp Info: Setting ugq sub-encoding to TS1/5 on input line 367.
Package textcomp Info: Setting ul8 sub-encoding to TS1/4 on input line 368.
Package textcomp Info: Setting ul9 sub-encoding to TS1/4 on input line 369.
Package textcomp Info: Setting augie sub-encoding to TS1/5 on input line 370.
Package textcomp Info: Setting dayrom sub-encoding to TS1/3 on input line 371.
Package textcomp Info: Setting dayroms sub-encoding to TS1/3 on input line 372.

Package textcomp Info: Setting pxr sub-encoding to TS1/0 on input line 373.
Package textcomp Info: Setting pxss sub-encoding to TS1/0 on input line 374.
Package textcomp Info: Setting pxtt sub-encoding to TS1/0 on input line 375.
Package textcomp Info: Setting txr sub-encoding to TS1/0 on input line 376.
Package textcomp Info: Setting txss sub-encoding to TS1/0 on input line 377.
Package textcomp Info: Setting txtt sub-encoding to TS1/0 on input line 378.
Package textcomp Info: Setting lmr sub-encoding to TS1/0 on input line 379.
Package textcomp Info: Setting lmdh sub-encoding to TS1/0 on input line 380.
Package textcomp Info: Setting lmss sub-encoding to TS1/0 on input line 381.
Package textcomp Info: Setting lmssq sub-encoding to TS1/0 on input line 382.
Package textcomp Info: Setting lmvtt sub-encoding to TS1/0 on input line 383.
Package textcomp Info: Setting lmtt sub-encoding to TS1/0 on input line 384.
Package textcomp Info: Setting qhv sub-encoding to TS1/0 on input line 385.
Package textcomp Info: Setting qag sub-encoding to TS1/0 on input line 386.
Package textcomp Info: Setting qbk sub-encoding to TS1/0 on input line 387.
Package textcomp Info: Setting qcr sub-encoding to TS1/0 on input line 388.
Package textcomp Info: Setting qcs sub-encoding to TS1/0 on input line 389.
Package textcomp Info: Setting qpl sub-encoding to TS1/0 on input line 390.
Package textcomp Info: Setting qtm sub-encoding to TS1/0 on input line 391.
Package textcomp Info: Setting qzc sub-encoding to TS1/0 on input line 392.
Package textcomp Info: Setting qhvc sub-encoding to TS1/0 on input line 393.
Package textcomp Info: Setting futs sub-encoding to TS1/4 on input line 394.
Package textcomp Info: Setting futx sub-encoding to TS1/4 on input line 395.
Package textcomp Info: Setting futj sub-encoding to TS1/4 on input line 396.
Package textcomp Info: Setting hlh sub-encoding to TS1/3 on input line 397.
Package textcomp Info: Setting hls sub-encoding to TS1/3 on input line 398.
Package textcomp Info: Setting hlst sub-encoding to TS1/3 on input line 399.
Package textcomp Info: Setting hlct sub-encoding to TS1/5 on input line 400.
Package textcomp Info: Setting hlx sub-encoding to TS1/5 on input line 401.
Package textcomp Info: Setting hlce sub-encoding to TS1/5 on input line 402.
Package textcomp Info: Setting hlcn sub-encoding to TS1/5 on input line 403.
Package textcomp Info: Setting hlcw sub-encoding to TS1/5 on input line 404.
Package textcomp Info: Setting hlcf sub-encoding to TS1/5 on input line 405.
Package textcomp Info: Setting pplx sub-encoding to TS1/3 on input line 406.
Package textcomp Info: Setting pplj sub-encoding to TS1/3 on input line 407.
Package textcomp Info: Setting ptmx sub-encoding to TS1/4 on input line 408.
Package textcomp Info: Setting ptmj sub-encoding to TS1/4 on input line 409.
)
(/usr/share/texlive/texmf-dist/tex/latex/wasysym/wasysym.sty
Package: wasysym 2003/10/30 v2.0 Wasy-2 symbol support package
\symwasy=\mathgroup4
LaTeX Font Info:    Overwriting symbol font `wasy' in version `bold'
(Font)                  U/wasy/m/n --> U/wasy/b/n on input line 90.
)

! LaTeX Error: Missing \begin{document}.

See the LaTeX manual or LaTeX Companion for explanation.
Type  H <return>  for immediate help.
 ...                                              
                                                  
l.19 P
      ortuguese
? 
(/usr/share/texlive/texmf-dist/tex/latex/base/fontenc.sty
Package: fontenc 2017/04/05 v2.0i Standard LaTeX package

(/usr/share/texlive/texmf-dist/tex/latex/base/t1enc.def
File: t1enc.def 2017/04/05 v2.0i Standard LaTeX file
LaTeX Font Info:    Redeclaring font encoding T1 on input line 48.
))
(/usr/share/texlive/texmf-dist/tex/latex/psnfss/helvet.sty
Package: helvet 2005/04/12 PSNFSS-v9.2a (WaS) 
)
(/usr/share/texlive/texmf-dist/tex/latex/psnfss/courier.sty
Package: courier 2005/04/12 PSNFSS-v9.2a (WaS) 
)
(/usr/share/texlive/texmf-dist/tex/latex/amsfonts/amssymb.sty
Package: amssymb 2013/01/14 v3.01 AMS font symbols

(/usr/share/texlive/texmf-dist/tex/latex/amsfonts/amsfonts.sty
Package: amsfonts 2013/01/14 v3.01 Basic AMSFonts support

Overfull \hbox (198.26695pt too wide) in paragraph at lines 19--42
[]\OT1/cmr/m/n/10 Portuguese                                                   
                                                                               
                                                                               
        
 []

\@emptytoks=\toks28
\symAMSa=\mathgroup5
\symAMSb=\mathgroup6
LaTeX Font Info:    Overwriting math alphabet `\mathfrak' in version `bold'
(Font)                  U/euf/m/n --> U/euf/b/n on input line 106.
)) (/usr/share/texlive/texmf-dist/tex/latex/sectsty/sectsty.sty
Package: sectsty 2002/02/25 v2.0.2 Commands to change all sectional heading sty
les
)
(/usr/share/texlive/texmf-dist/tex/latex/geometry/geometry.sty
Package: geometry 2010/09/12 v5.6 Page Geometry

(/usr/share/texlive/texmf-dist/tex/generic/oberdiek/ifpdf.sty
Package: ifpdf 2017/03/15 v3.2 Provides the ifpdf switch
)
(/usr/share/texlive/texmf-dist/tex/generic/oberdiek/ifvtex.sty
Package: ifvtex 2016/05/16 v1.6 Detect VTeX and its facilities (HO)
Package ifvtex Info: VTeX not detected.
)
(/usr/share/texlive/texmf-dist/tex/generic/ifxetex/ifxetex.sty
Package: ifxetex 2010/09/12 v0.6 Provides ifxetex conditional
)
\Gm@cnth=\count118
\Gm@cntv=\count119
\c@Gm@tempcnt=\count120
\Gm@bindingoffset=\dimen144
\Gm@wd@mp=\dimen145
\Gm@odd@mp=\dimen146
\Gm@even@mp=\dimen147
\Gm@layoutwidth=\dimen148
\Gm@layoutheight=\dimen149
\Gm@layouthoffset=\dimen150
\Gm@layoutvoffset=\dimen151
\Gm@dimlist=\toks29
)
(/usr/share/texlive/texmf-dist/tex/latex/fancyhdr/fancyhdr.sty
Package: fancyhdr 2017/06/30 v3.9a Extensive control of page headers and footer
s
\f@nch@headwidth=\skip59
\f@nch@O@elh=\skip60
\f@nch@O@erh=\skip61
\f@nch@O@olh=\skip62
\f@nch@O@orh=\skip63
\f@nch@O@elf=\skip64
\f@nch@O@erf=\skip65
\f@nch@O@olf=\skip66
\f@nch@O@orf=\skip67
)
(/usr/share/texlive/texmf-dist/tex/latex/natbib/natbib.sty
Package: natbib 2010/09/13 8.31b (PWD, AO)
\bibhang=\skip68
\bibsep=\skip69
LaTeX Info: Redefining \cite on input line 694.
\c@NAT@ctr=\count121
)
(/usr/share/texlive/texmf-dist/tex/latex/tocloft/tocloft.sty
Package: tocloft 2013/05/02 v2.3f parameterised ToC, etc., typesetting
Package tocloft Info: The document has chapter divisions on input line 44.
\cftparskip=\skip70
\cftbeforetoctitleskip=\skip71
\cftaftertoctitleskip=\skip72
\cftbeforepartskip=\skip73
\cftpartnumwidth=\skip74
\cftpartindent=\skip75
\cftbeforechapskip=\skip76
\cftchapindent=\skip77
\cftchapnumwidth=\skip78
\cftbeforesecskip=\skip79
\cftsecindent=\skip80
\cftsecnumwidth=\skip81
\cftbeforesubsecskip=\skip82
\cftsubsecindent=\skip83
\cftsubsecnumwidth=\skip84
\cftbeforesubsubsecskip=\skip85
\cftsubsubsecindent=\skip86
\cftsubsubsecnumwidth=\skip87
\cftbeforeparaskip=\skip88
\cftparaindent=\skip89
\cftparanumwidth=\skip90
\cftbeforesubparaskip=\skip91
\cftsubparaindent=\skip92
\cftsubparanumwidth=\skip93
\cftbeforeloftitleskip=\skip94
\cftafterloftitleskip=\skip95
\cftbeforefigskip=\skip96
\cftfigindent=\skip97
\cftfignumwidth=\skip98
\c@lofdepth=\count122
\c@lotdepth=\count123
\cftbeforelottitleskip=\skip99
\cftafterlottitleskip=\skip100
\cftbeforetabskip=\skip101
\cfttabindent=\skip102
\cfttabnumwidth=\skip103
)
\@indexfile=\write3
\openout3 = `refman.idx'.


Writing index file refman.idx
(/usr/share/texlive/texmf-dist/tex/latex/hyperref/hyperref.sty
Package: hyperref 2017/03/14 v6.85a Hypertext links for LaTeX

(/usr/share/texlive/texmf-dist/tex/generic/oberdiek/hobsub-hyperref.sty
Package: hobsub-hyperref 2016/05/16 v1.14 Bundle oberdiek, subset hyperref (HO)


(/usr/share/texlive/texmf-dist/tex/generic/oberdiek/hobsub-generic.sty
Package: hobsub-generic 2016/05/16 v1.14 Bundle oberdiek, subset generic (HO)
Package: hobsub 2016/05/16 v1.14 Construct package bundles (HO)
Package: infwarerr 2016/05/16 v1.4 Providing info/warning/error messages (HO)
Package: ltxcmds 2016/05/16 v1.23 LaTeX kernel commands for general use (HO)
Package: ifluatex 2016/05/16 v1.4 Provides the ifluatex switch (HO)
Package ifluatex Info: LuaTeX not detected.
Package hobsub Info: Skipping package `ifvtex' (already loaded).
Package: intcalc 2016/05/16 v1.2 Expandable calculations with integers (HO)
Package hobsub Info: Skipping package `ifpdf' (already loaded).
Package: etexcmds 2016/05/16 v1.6 Avoid name clashes with e-TeX commands (HO)
Package etexcmds Info: Could not find \expanded.
(etexcmds)             That can mean that you are not using pdfTeX 1.50 or
(etexcmds)             that some package has redefined \expanded.
(etexcmds)             In the latter case, load this package earlier.
Package: kvsetkeys 2016/05/16 v1.17 Key value parser (HO)
Package: kvdefinekeys 2016/05/16 v1.4 Define keys (HO)
Package: pdftexcmds 2017/03/19 v0.25 Utility functions of pdfTeX for LuaTeX (HO
)
Package pdftexcmds Info: LuaTeX not detected.
Package pdftexcmds Info: \pdf@primitive is available.
Package pdftexcmds Info: \pdf@ifprimitive is available.
Package pdftexcmds Info: \pdfdraftmode found.
Package: pdfescape 2016/05/16 v1.14 Implements pdfTeX's escape features (HO)
Package: bigintcalc 2016/05/16 v1.4 Expandable calculations on big integers (HO
)
Package: bitset 2016/05/16 v1.2 Handle bit-vector datatype (HO)
Package: uniquecounter 2016/05/16 v1.3 Provide unlimited unique counter (HO)
)
Package hobsub Info: Skipping package `hobsub' (already loaded).
Package: letltxmacro 2016/05/16 v1.5 Let assignment for LaTeX macros (HO)
Package: hopatch 2016/05/16 v1.3 Wrapper for package hooks (HO)
Package: xcolor-patch 2016/05/16 xcolor patch
Package: atveryend 2016/05/16 v1.9 Hooks at the very end of document (HO)
Package atveryend Info: \enddocument detected (standard20110627).
Package: atbegshi 2016/06/09 v1.18 At begin shipout hook (HO)
Package: refcount 2016/05/16 v3.5 Data extraction from label references (HO)
Package: hycolor 2016/05/16 v1.8 Color options for hyperref/bookmark (HO)
)
(/usr/share/texlive/texmf-dist/tex/latex/oberdiek/auxhook.sty
Package: auxhook 2016/05/16 v1.4 Hooks for auxiliary files (HO)
)
(/usr/share/texlive/texmf-dist/tex/latex/oberdiek/kvoptions.sty
Package: kvoptions 2016/05/16 v3.12 Key value format for package options (HO)
)
\@linkdim=\dimen152
\Hy@linkcounter=\count124
\Hy@pagecounter=\count125

(/usr/share/texlive/texmf-dist/tex/latex/hyperref/pd1enc.def
File: pd1enc.def 2017/03/14 v6.85a Hyperref: PDFDocEncoding definition (HO)
Now handling font encoding PD1 ...
... no UTF-8 mapping file for font encoding PD1
)
\Hy@SavedSpaceFactor=\count126

(/usr/share/texlive/texmf-dist/tex/latex/latexconfig/hyperref.cfg
File: hyperref.cfg 2002/06/06 v1.2 hyperref configuration of TeXLive
)
Package hyperref Info: Hyper figures OFF on input line 4498.
Package hyperref Info: Link nesting OFF on input line 4503.
Package hyperref Info: Hyper index ON on input line 4506.
Package hyperref Info: Plain pages OFF on input line 4513.
Package hyperref Info: Backreferencing ON on input line 4516.
Package hyperref Info: Implicit mode ON; LaTeX internals redefined.
Package hyperref Info: Bookmarks ON on input line 4751.

(/usr/share/texlive/texmf-dist/tex/latex/hyperref/backref.sty
Package: backref 2016/05/21 v1.39 Bibliographical back referencing

(/usr/share/texlive/texmf-dist/tex/latex/oberdiek/rerunfilecheck.sty
Package: rerunfilecheck 2016/05/16 v1.8 Rerun checks for auxiliary files (HO)
Package uniquecounter Info: New unique counter `rerunfilecheck' on input line 2
82.
))
\c@Hy@tempcnt=\count127

(/usr/share/texlive/texmf-dist/tex/latex/url/url.sty
\Urlmuskip=\muskip10
Package: url 2013/09/16  ver 3.4  Verb mode for urls, etc.
)
LaTeX Info: Redefining \url on input line 5104.
\XeTeXLinkMargin=\dimen153
\Fld@menulength=\count128
\Field@Width=\dimen154
\Fld@charsize=\dimen155
Package hyperref Info: Hyper figures OFF on input line 6358.
Package hyperref Info: Link nesting OFF on input line 6363.
Package hyperref Info: Hyper index ON on input line 6366.
Package hyperref Info: backreferencing ON on input line 6371.
Package hyperref Info: Link coloring OFF on input line 6378.
Package hyperref Info: Link coloring with OCG OFF on input line 6383.
Package hyperref Info: PDF/A mode OFF on input line 6388.
LaTeX Info: Redefining \ref on input line 6428.
LaTeX Info: Redefining \pageref on input line 6432.
\Hy@abspage=\count129
\c@Item=\count130
\c@Hfootnote=\count131
)

Package hyperref Message: Driver: hpdftex.

(/usr/share/texlive/texmf-dist/tex/latex/hyperref/hpdftex.def
File: hpdftex.def 2017/03/14 v6.85a Hyperref driver for pdfTeX
\Fld@listcount=\count132
\c@bookmark@seq@number=\count133
\Hy@SectionHShift=\skip104
)
Package hyperref Info: Option `colorlinks' set `true' on input line 107.
Package hyperref Info: Option `unicode' set `true' on input line 107.

(/usr/share/texlive/texmf-dist/tex/latex/hyperref/puenc.def
File: puenc.def 2017/03/14 v6.85a Hyperref: PDF Unicode definition (HO)
Now handling font encoding PU ...
... no UTF-8 mapping file for font encoding PU
)
(/usr/share/texlive/texmf-dist/tex/latex/caption/caption.sty
Package: caption 2016/02/21 v3.3-144 Customizing captions (AR)

(/usr/share/texlive/texmf-dist/tex/latex/caption/caption3.sty
Package: caption3 2016/05/22 v1.7-166 caption3 kernel (AR)
Package caption3 Info: TeX engine: e-TeX on input line 67.
\captionmargin=\dimen156
\captionmargin@=\dimen157
\captionwidth=\dimen158
\caption@tempdima=\dimen159
\caption@indent=\dimen160
\caption@parindent=\dimen161
\caption@hangindent=\dimen162
)
\c@ContinuedFloat=\count134
Package caption Info: float package is loaded.
Package caption Info: hyperref package is loaded.
Package caption Info: longtable package is loaded.

(/usr/share/texlive/texmf-dist/tex/latex/caption/ltcaption.sty
Package: ltcaption 2013/06/09 v1.4-94 longtable captions (AR)
))
No file refman.aux.
\openout1 = `refman.aux'.

LaTeX Font Info:    Checking defaults for OML/cmm/m/it on input line 119.
LaTeX Font Info:    ... okay on input line 119.
LaTeX Font Info:    Checking defaults for T1/cmr/m/n on input line 119.
LaTeX Font Info:    ... okay on input line 119.
LaTeX Font Info:    Checking defaults for OT1/cmr/m/n on input line 119.
LaTeX Font Info:    ... okay on input line 119.
LaTeX Font Info:    Checking defaults for OMS/cmsy/m/n on input line 119.
LaTeX Font Info:    ... okay on input line 119.
LaTeX Font Info:    Checking defaults for OMX/cmex/m/n on input line 119.
LaTeX Font Info:    ... okay on input line 119.
LaTeX Font Info:    Checking defaults for U/cmr/m/n on input line 119.
LaTeX Font Info:    ... okay on input line 119.
LaTeX Font Info:    Checking defaults for TS1/cmr/m/n on input line 119.
LaTeX Font Info:    Try loading font information for TS1+cmr on input line 119.

(/usr/share/texlive/texmf-dist/tex/latex/base/ts1cmr.fd
File: ts1cmr.fd 2014/09/29 v2.5h Standard LaTeX font definitions
)
LaTeX Font Info:    ... okay on input line 119.
LaTeX Font Info:    Checking defaults for PD1/pdf/m/n on input line 119.
LaTeX Font Info:    ... okay on input line 119.
LaTeX Font Info:    Checking defaults for PU/pdf/m/n on input line 119.
LaTeX Font Info:    ... okay on input line 119.
LaTeX Font Info:    Try loading font information for T1+phv on input line 119.

(/usr/share/texlive/texmf-dist/tex/latex/psnfss/t1phv.fd
File: t1phv.fd 2001/06/04 scalable font definitions for T1/phv.
)
LaTeX Font Info:    Font shape `T1/phv/m/n' will be
(Font)              scaled to size 8.99994pt on input line 119.

(/usr/share/texlive/texmf-dist/tex/context/base/mkii/supp-pdf.mkii
[Loading MPS to PDF converter (version 2006.09.02).]
\scratchcounter=\count135
\scratchdimen=\dimen163
\scratchbox=\box65
\nofMPsegments=\count136
\nofMParguments=\count137
\everyMPshowfont=\toks30
\MPscratchCnt=\count138
\MPscratchDim=\dimen164
\MPnumerator=\count139
\makeMPintoPDFobject=\count140
\everyMPtoPDFconversion=\toks31
) (/usr/share/texlive/texmf-dist/tex/latex/oberdiek/epstopdf-base.sty
Package: epstopdf-base 2016/05/15 v2.6 Base part for package epstopdf

(/usr/share/texlive/texmf-dist/tex/latex/oberdiek/grfext.sty
Package: grfext 2016/05/16 v1.2 Manage graphics extensions (HO)
)
Package epstopdf-base Info: Redefining graphics rule for `.eps' on input line 4
38.
Package grfext Info: Graphics extension search list:
(grfext)             [.pdf,.png,.jpg,.mps,.jpeg,.jbig2,.jb2,.PDF,.PNG,.JPG,.JPE
G,.JBIG2,.JB2,.eps]
(grfext)             \AppendGraphicsExtensions on input line 456.

(/usr/share/texlive/texmf-dist/tex/latex/latexconfig/epstopdf-sys.cfg
File: epstopdf-sys.cfg 2010/07/13 v1.3 Configuration of (r)epstopdf for TeX Liv
e
))
*geometry* driver: auto-detecting
*geometry* detected driver: pdftex
*geometry* verbose mode - [ preamble ] result:
* driver: pdftex
* paper: a4paper
* layout: <same size as paper>
* layoutoffset:(h,v)=(0.0pt,0.0pt)
* modes: twoside 
* h-part:(L,W,R)=(71.13188pt, 455.24411pt, 71.13188pt)
* v-part:(T,H,B)=(71.13188pt, 702.78308pt, 71.13188pt)
* \paperwidth=597.50787pt
* \paperheight=845.04684pt
* \textwidth=455.24411pt
* \textheight=702.78308pt
* \oddsidemargin=-1.1381pt
* \evensidemargin=-1.1381pt
* \topmargin=-31.2056pt
* \headheight=12.0pt
* \headsep=18.06749pt
* \topskip=10.0pt
* \footskip=25.29494pt
* \marginparwidth=125.0pt
* \marginparsep=7.0pt
* \columnsep=10.0pt
* \skip\footins=9.0pt plus 4.0pt minus 2.0pt
* \hoffset=0.0pt
* \voffset=0.0pt
* \mag=1000
* \@twocolumnfalse
* \@twosidetrue
* \@mparswitchtrue
* \@reversemarginfalse
* (1in=72.27pt=25.4mm, 1cm=28.453pt)

\AtBeginShipoutBox=\box66
Package backref Info: ** backref set up for natbib ** on input line 119.
Package hyperref Info: Link coloring ON on input line 119.
(/usr/share/texlive/texmf-dist/tex/latex/hyperref/nameref.sty
Package: nameref 2016/05/21 v2.44 Cross-referencing by name of section

(/usr/share/texlive/texmf-dist/tex/generic/oberdiek/gettitlestring.sty
Package: gettitlestring 2016/05/16 v1.5 Cleanup title references (HO)
)
\c@section@level=\count141
)
LaTeX Info: Redefining \ref on input line 119.
LaTeX Info: Redefining \pageref on input line 119.
LaTeX Info: Redefining \nameref on input line 119.
\@outlinefile=\write4
\openout4 = `refman.out'.

Package caption Info: Begin \AtBeginDocument code.
Package caption Info: End \AtBeginDocument code.
Package hyperref Info: Option `pageanchor' set `false' on input line 125.
Package hyperref Info: Option `bookmarksnumbered' set `true' on input line 125.

Package hyperref Info: Option `unicode' set `true' on input line 125.
LaTeX Font Info:    Font shape `T1/phv/bx/n' in size <10> not available
(Font)              Font shape `T1/phv/b/n' tried instead on input line 127.
LaTeX Font Info:    Font shape `T1/phv/b/n' will be
(Font)              scaled to size 8.99994pt on input line 127.
LaTeX Font Info:    Font shape `T1/phv/bx/n' in size <7> not available
(Font)              Font shape `T1/phv/b/n' tried instead on input line 127.
LaTeX Font Info:    Font shape `T1/phv/b/n' will be
(Font)              scaled to size 6.29996pt on input line 127.

[1{/var/lib/texmf/fonts/map/pdftex/updmap/pdftex.map}

] [2

]
LaTeX Font Info:    Font shape `T1/phv/m/n' will be
(Font)              scaled to size 12.9599pt on input line 130.
LaTeX Font Info:    Font shape `T1/phv/m/n' will be
(Font)              scaled to size 10.79993pt on input line 130.
LaTeX Font Info:    Font shape `T1/phv/m/n' will be
(Font)              scaled to size 6.29996pt on input line 130.
LaTeX Font Info:    Try loading font information for U+wasy on input line 130.

(/usr/share/texlive/texmf-dist/tex/latex/wasysym/uwasy.fd
File: uwasy.fd 2003/10/30 v2.0 Wasy-2 symbol font definitions
)
LaTeX Font Info:    Try loading font information for U+msa on input line 130.

(/usr/share/texlive/texmf-dist/tex/latex/amsfonts/umsa.fd
File: umsa.fd 2013/01/14 v3.01 AMS symbols A
)
LaTeX Font Info:    Try loading font information for U+msb on input line 130.

(/usr/share/texlive/texmf-dist/tex/latex/amsfonts/umsb.fd
File: umsb.fd 2013/01/14 v3.01 AMS symbols B
) [1] [2

]
LaTeX Font Info:    Font shape `T1/phv/m/n' will be
(Font)              scaled to size 22.39185pt on input line 137.
LaTeX Font Info:    Font shape `T1/phv/bx/n' in size <24.88> not available
(Font)              Font shape `T1/phv/b/n' tried instead on input line 137.
LaTeX Font Info:    Font shape `T1/phv/b/n' will be
(Font)              scaled to size 22.39185pt on input line 137.
LaTeX Font Info:    Font shape `T1/phv/bc/n' will be
(Font)              scaled to size 22.39185pt on input line 137.
\tf@toc=\write5
\openout5 = `refman.toc'.

 [1

] [2

]
Package hyperref Info: Option `pageanchor' set `true' on input line 140.

Chapter 1.
LaTeX Font Info:    Font shape `T1/phv/m/n' will be
(Font)              scaled to size 18.66588pt on input line 143.
LaTeX Font Info:    Font shape `T1/phv/bx/n' in size <20.74> not available
(Font)              Font shape `T1/phv/b/n' tried instead on input line 143.
LaTeX Font Info:    Font shape `T1/phv/b/n' will be
(Font)              scaled to size 18.66588pt on input line 143.
LaTeX Font Info:    Font shape `T1/phv/bc/n' will be
(Font)              scaled to size 18.66588pt on input line 143.
(./index.tex
LaTeX Font Info:    Font shape `T1/phv/bx/n' in size <14.4> not available
(Font)              Font shape `T1/phv/b/n' tried instead on input line 1.
LaTeX Font Info:    Font shape `T1/phv/b/n' will be
(Font)              scaled to size 12.9599pt on input line 1.
LaTeX Font Info:    Font shape `T1/phv/bc/n' will be
(Font)              scaled to size 12.9599pt on input line 1.
LaTeX Font Info:    Try loading font information for T1+pcr on input line 4.
 (/usr/share/texlive/texmf-dist/tex/latex/psnfss/t1pcr.fd
File: t1pcr.fd 2001/06/04 font definitions for T1/pcr.
))
[1

] [2

]
Chapter 2.
(./md__r_e_a_d_m_e.tex
LaTeX Font Info:    Font shape `T1/phv/bx/n' in size <12> not available
(Font)              Font shape `T1/phv/b/n' tried instead on input line 3.
LaTeX Font Info:    Font shape `T1/phv/b/n' will be
(Font)              scaled to size 10.79993pt on input line 3.
LaTeX Font Info:    Font shape `T1/phv/bc/n' will be
(Font)              scaled to size 10.79993pt on input line 3.
) [3] [4

]
Chapter 3.
(./annotated.tex

LaTeX Warning: Reference `structabp' on page 5 undefined on input line 3.


LaTeX Warning: Reference `structdescritor' on page 5 undefined on input line 4.



LaTeX Warning: Reference `structlde' on page 5 undefined on input line 5.


LaTeX Warning: Reference `structlse' on page 5 undefined on input line 6.


LaTeX Warning: Reference `structs__qtd_cons' on page 5 undefined on input line 
7.

) [5] [6

]
Chapter 4.
(./files.tex

LaTeX Warning: Reference `arvore_8h' on page 7 undefined on input line 3.


LaTeX Warning: Reference `benchmark_8h' on page 7 undefined on input line 4.


LaTeX Warning: Reference `lde_8h' on page 7 undefined on input line 5.


LaTeX Warning: Reference `lse_8h' on page 7 undefined on input line 6.


LaTeX Warning: Reference `main_8c' on page 7 undefined on input line 7.


LaTeX Warning: Reference `manipula_dados_8h' on page 7 undefined on input line 
8.


LaTeX Warning: Reference `manipula_string_8h' on page 7 undefined on input line
 9.


LaTeX Warning: Reference `operacoes_8h' on page 7 undefined on input line 10.


LaTeX Warning: Reference `struct_8h' on page 7 undefined on input line 11.

) [7] [8

]
Chapter 5.
(./structabp.tex
<structabp__coll__graph.pdf, id=112, pagebox=cropbox, 243.91125pt x 171.64125pt
>
File: structabp__coll__graph.pdf Graphic file (type pdf)
<use structabp__coll__graph.pdf>
Package pdftex.def Info: structabp__coll__graph.pdf  used on input line 18. on 
input line 18.
Package pdftex.def Info: Requested size: 243.0pt x 171.00175pt on input line 18
.
LaTeX Font Info:    Try loading font information for TS1+phv on input line 24.
 (/usr/share/texlive/texmf-dist/tex/latex/psnfss/ts1phv.fd
File: ts1phv.fd 2001/06/04 scalable font definitions for TS1/phv.
)
LaTeX Font Info:    Font shape `TS1/phv/m/n' will be
(Font)              scaled to size 8.99994pt on input line 24.

[9 <./structabp__coll__graph.pdf>]
LaTeX Font Info:    Font shape `T1/phv/bc/n' will be
(Font)              scaled to size 8.99994pt on input line 43.

Underfull \hbox (badness 10000) detected at line 43
[][][]
 []

LaTeX Font Info:    Font shape `T1/phv/m/n' will be
(Font)              scaled to size 7.19995pt on input line 53.
LaTeX Font Info:    Font shape `T1/phv/bc/n' will be
(Font)              scaled to size 6.29996pt on input line 70.
) (./structdescritor.tex
<structdescritor__coll__graph.pdf, id=154, pagebox=cropbox, 247.92625pt x 238.8
925pt>
File: structdescritor__coll__graph.pdf Graphic file (type pdf)
<use structdescritor__coll__graph.pdf>
Package pdftex.def Info: structdescritor__coll__graph.pdf  used on input line 1
8. on input line 18.
Package pdftex.def Info: Requested size: 247.0pt x 238.00247pt on input line 18
.
 [10] [11 <./structdescritor__coll__graph.pdf>])
(./structlde.tex
<structlde__coll__graph.pdf, id=195, pagebox=cropbox, 151.56625pt x 102.3825pt>

File: structlde__coll__graph.pdf Graphic file (type pdf)
<use structlde__coll__graph.pdf>
Package pdftex.def Info: structlde__coll__graph.pdf  used on input line 18. on 
input line 18.
Package pdftex.def Info: Requested size: 151.0pt x 102.00105pt on input line 18
.
 [12 <./structlde__coll__graph.pdf>]) (./structlse.tex
<structlse__coll__graph.pdf, id=227, pagebox=cropbox, 153.57375pt x 100.375pt>
File: structlse__coll__graph.pdf Graphic file (type pdf)
<use structlse__coll__graph.pdf>
Package pdftex.def Info: structlse__coll__graph.pdf  used on input line 18. on 
input line 18.
Package pdftex.def Info: Requested size: 153.0pt x 100.00562pt on input line 18
.
 [13])
(./structs__qtd_cons.tex
<structs__qtd_cons__coll__graph.pdf, id=244, pagebox=cropbox, 172.645pt x 167.6
2625pt>
File: structs__qtd_cons__coll__graph.pdf Graphic file (type pdf)
<use structs__qtd_cons__coll__graph.pdf>
Package pdftex.def Info: structs__qtd_cons__coll__graph.pdf  used on input line
 18. on input line 18.
Package pdftex.def Info: Requested size: 172.0pt x 167.00172pt on input line 18
.
 [14 <./structlse__coll__graph.pdf>]) [15 <./structs__qtd_cons__coll__graph.pdf
>] [16

]
Chapter 6.
(./arvore_8h.tex
<arvore_8h__incl.pdf, id=293, pagebox=cropbox, 136.51pt x 156.585pt>
File: arvore_8h__incl.pdf Graphic file (type pdf)
<use arvore_8h__incl.pdf>
Package pdftex.def Info: arvore_8h__incl.pdf  used on input line 13. on input l
ine 13.
Package pdftex.def Info: Requested size: 136.0pt x 156.00879pt on input line 13
.
<arvore_8h__dep__incl.pdf, id=294, pagebox=cropbox, 199.74625pt x 212.795pt>
File: arvore_8h__dep__incl.pdf Graphic file (type pdf)
<use arvore_8h__dep__incl.pdf>
Package pdftex.def Info: arvore_8h__dep__incl.pdf  used on input line 20. on in
put line 20.
Package pdftex.def Info: Requested size: 199.0pt x 212.01193pt on input line 20
.
 [17 <./arvore_8h__incl.pdf> <./arvore_8h__dep__incl.pdf

pdfTeX warning: pdflatex (file ./arvore_8h__dep__incl.pdf): PDF inclusion: mult
iple pdfs with page group included in a single page
>]
LaTeX Font Info:    Font shape `T1/phv/m/n' will be
(Font)              scaled to size 8.09995pt on input line 36.
LaTeX Font Info:    Font shape `T1/phv/m/it' in size <9> not available
(Font)              Font shape `T1/phv/m/sl' tried instead on input line 36.
LaTeX Font Info:    Font shape `T1/phv/m/sl' will be
(Font)              scaled to size 8.09995pt on input line 36.

Underfull \hbox (badness 10000) detected at line 46
[][][]
 []


Underfull \hbox (badness 10000) detected at line 51
[][][]
 []


Underfull \hbox (badness 10000) detected at line 67
[][][]
 []

<arvore_8h_a3c7a20806dec140adf9462f60415012f_icgraph.pdf, id=328, pagebox=cropb
ox, 266.9975pt x 100.375pt>
File: arvore_8h_a3c7a20806dec140adf9462f60415012f_icgraph.pdf Graphic file (typ
e pdf)
<use arvore_8h_a3c7a20806dec140adf9462f60415012f_icgraph.pdf>
Package pdftex.def Info: arvore_8h_a3c7a20806dec140adf9462f60415012f_icgraph.pd
f  used on input line 74. on input line 74.
Package pdftex.def Info: Requested size: 266.0pt x 100.01021pt on input line 74
.
LaTeX Font Info:    Font shape `T1/pcr/m/it' in size <8> not available
(Font)              Font shape `T1/pcr/m/sl' tried instead on input line 81.
LaTeX Font Info:    Font shape `T1/pcr/m/it' in size <7> not available
(Font)              Font shape `T1/pcr/m/sl' tried instead on input line 81.
[18 <./arvore_8h_a3c7a20806dec140adf9462f60415012f_icgraph.pdf>]

Package longtable Warning: Column widths have changed
(longtable)                in table 6.1 on input line 97.


Underfull \hbox (badness 10000) detected at line 98
[][][]
 []

<arvore_8h_a78da70932bd92e6ffa4af27cb59690f9_cgraph.pdf, id=357, pagebox=cropbo
x, 332.24126pt x 176.66pt>
File: arvore_8h_a78da70932bd92e6ffa4af27cb59690f9_cgraph.pdf Graphic file (type
 pdf)
<use arvore_8h_a78da70932bd92e6ffa4af27cb59690f9_cgraph.pdf>
Package pdftex.def Info: arvore_8h_a78da70932bd92e6ffa4af27cb59690f9_cgraph.pdf
  used on input line 105. on input line 105.
Package pdftex.def Info: Requested size: 331.0pt x 176.00992pt on input line 10
5.
<arvore_8h_a78da70932bd92e6ffa4af27cb59690f9_icgraph.pdf, id=358, pagebox=cropb
ox, 305.14pt x 100.375pt>
File: arvore_8h_a78da70932bd92e6ffa4af27cb59690f9_icgraph.pdf Graphic file (typ
e pdf)
<use arvore_8h_a78da70932bd92e6ffa4af27cb59690f9_icgraph.pdf>
Package pdftex.def Info: arvore_8h_a78da70932bd92e6ffa4af27cb59690f9_icgraph.pd
f  used on input line 112. on input line 112.
Package pdftex.def Info: Requested size: 304.0pt x 100.00409pt on input line 11
2.
[19 <./arvore_8h_a78da70932bd92e6ffa4af27cb59690f9_cgraph.pdf> <./arvore_8h_a78
da70932bd92e6ffa4af27cb59690f9_icgraph.pdf

pdfTeX warning: pdflatex (file ./arvore_8h_a78da70932bd92e6ffa4af27cb59690f9_ic
graph.pdf): PDF inclusion: multiple pdfs with page group included in a single p
age
>]

Package longtable Warning: Column widths have changed
(longtable)                in table 6.2 on input line 131.


Underfull \hbox (badness 10000) detected at line 132
[][][]
 []

<arvore_8h_a2216ac9a9960b66516e537015a3f26f7_cgraph.pdf, id=386, pagebox=cropbo
x, 269.005pt x 138.5175pt>
File: arvore_8h_a2216ac9a9960b66516e537015a3f26f7_cgraph.pdf Graphic file (type
 pdf)
<use arvore_8h_a2216ac9a9960b66516e537015a3f26f7_cgraph.pdf>
Package pdftex.def Info: arvore_8h_a2216ac9a9960b66516e537015a3f26f7_cgraph.pdf
  used on input line 139. on input line 139.
Package pdftex.def Info: Requested size: 268.0pt x 138.00142pt on input line 13
9.
) (./benchmark_8h.tex
<benchmark_8h__incl.pdf, id=387, pagebox=cropbox, 160.6pt x 156.585pt>
File: benchmark_8h__incl.pdf Graphic file (type pdf)
<use benchmark_8h__incl.pdf>
Package pdftex.def Info: benchmark_8h__incl.pdf  used on input line 13. on inpu
t line 13.
Package pdftex.def Info: Requested size: 160.0pt x 156.004pt on input line 13.
<benchmark_8h__dep__incl.pdf, id=388, pagebox=cropbox, 160.6pt x 156.585pt>
File: benchmark_8h__dep__incl.pdf Graphic file (type pdf)
<use benchmark_8h__dep__incl.pdf>
Package pdftex.def Info: benchmark_8h__dep__incl.pdf  used on input line 20. on
 input line 20.
Package pdftex.def Info: Requested size: 160.0pt x 156.004pt on input line 20.
 [20 <./arvore_8h_a2216ac9a9960b66516e537015a3f26f7_cgraph.pdf> <./benchmark_8h
__incl.pdf

pdfTeX warning: pdflatex (file ./benchmark_8h__incl.pdf): PDF inclusion: multip
le pdfs with page group included in a single page
>]
Underfull \hbox (badness 10000) detected at line 35
[][][]
 []


Underfull \hbox (badness 10000) detected at line 40
[][][]
 []

[21 <./benchmark_8h__dep__incl.pdf>]

Package longtable Warning: Column widths have changed
(longtable)                in table 6.3 on input line 64.


Underfull \hbox (badness 10000) detected at line 65
[][][]
 []


Package longtable Warning: Column widths have changed
(longtable)                in table 6.4 on input line 90.


Underfull \hbox (badness 10000) detected at line 91
[][][]
 []

) (./lde_8h.tex
<lde_8h__incl.pdf, id=446, pagebox=cropbox, 200.75pt x 156.585pt>
File: lde_8h__incl.pdf Graphic file (type pdf)
<use lde_8h__incl.pdf>
Package pdftex.def Info: lde_8h__incl.pdf  used on input line 14. on input line
 14.
Package pdftex.def Info: Requested size: 200.0pt x 156.01117pt on input line 14
.
 [22]
<lde_8h__dep__incl.pdf, id=455, pagebox=cropbox, 129.48375pt x 156.585pt>
File: lde_8h__dep__incl.pdf Graphic file (type pdf)
<use lde_8h__dep__incl.pdf>
Package pdftex.def Info: lde_8h__dep__incl.pdf  used on input line 21. on input
 line 21.
Package pdftex.def Info: Requested size: 129.0pt x 156.01595pt on input line 21
.

Underfull \hbox (badness 10000) detected at line 40
[][][]
 []


Underfull \hbox (badness 10000) detected at line 45
[][][]
 []

[23 <./lde_8h__incl.pdf> <./lde_8h__dep__incl.pdf

pdfTeX warning: pdflatex (file ./lde_8h__dep__incl.pdf): PDF inclusion: multipl
e pdfs with page group included in a single page
>]
Underfull \hbox (badness 10000) detected at line 61
[][][]
 []

<lde_8h_abf1ed757950e3e4965ad96d64b2aee67_icgraph.pdf, id=495, pagebox=cropbox,
 416.55624pt x 119.44624pt>
File: lde_8h_abf1ed757950e3e4965ad96d64b2aee67_icgraph.pdf Graphic file (type p
df)
<use lde_8h_abf1ed757950e3e4965ad96d64b2aee67_icgraph.pdf>
Package pdftex.def Info: lde_8h_abf1ed757950e3e4965ad96d64b2aee67_icgraph.pdf  
used on input line 68. on input line 68.
Package pdftex.def Info: Requested size: 350.0pt x 100.36694pt on input line 68
.

Package longtable Warning: Column widths have changed
(longtable)                in table 6.5 on input line 87.

[24 <./lde_8h_abf1ed757950e3e4965ad96d64b2aee67_icgraph.pdf>]
Underfull \hbox (badness 10000) detected at line 88
[][][]
 []

<lde_8h_ae3e979b91f4e13e245b774c4c04a4e20_icgraph.pdf, id=517, pagebox=cropbox,
 453.695pt x 100.375pt>
File: lde_8h_ae3e979b91f4e13e245b774c4c04a4e20_icgraph.pdf Graphic file (type p
df)
<use lde_8h_ae3e979b91f4e13e245b774c4c04a4e20_icgraph.pdf>
Package pdftex.def Info: lde_8h_ae3e979b91f4e13e245b774c4c04a4e20_icgraph.pdf  
used on input line 95. on input line 95.
Package pdftex.def Info: Requested size: 350.0pt x 77.43448pt on input line 95.


Package longtable Warning: Column widths have changed
(longtable)                in table 6.6 on input line 116.


Underfull \hbox (badness 10000) detected at line 117
[][][]
 []

<lde_8h_a695bd097eab9845e2eddd196523c58ac_icgraph.pdf, id=521, pagebox=cropbox,
 488.82625pt x 138.5175pt>
File: lde_8h_a695bd097eab9845e2eddd196523c58ac_icgraph.pdf Graphic file (type p
df)
<use lde_8h_a695bd097eab9845e2eddd196523c58ac_icgraph.pdf>
Package pdftex.def Info: lde_8h_a695bd097eab9845e2eddd196523c58ac_icgraph.pdf  
used on input line 124. on input line 124.
Package pdftex.def Info: Requested size: 350.0pt x 99.18086pt on input line 124
.
[25 <./lde_8h_ae3e979b91f4e13e245b774c4c04a4e20_icgraph.pdf> <./lde_8h_a695bd09
7eab9845e2eddd196523c58ac_icgraph.pdf

pdfTeX warning: pdflatex (file ./lde_8h_a695bd097eab9845e2eddd196523c58ac_icgra
ph.pdf): PDF inclusion: multiple pdfs with page group included in a single page

>]

Package longtable Warning: Column widths have changed
(longtable)                in table 6.7 on input line 147.

<lde_8h_a2367200509bfed169f74596bdc08cc33_icgraph.pdf, id=548, pagebox=cropbox,
 269.005pt x 100.375pt>
File: lde_8h_a2367200509bfed169f74596bdc08cc33_icgraph.pdf Graphic file (type p
df)
<use lde_8h_a2367200509bfed169f74596bdc08cc33_icgraph.pdf>
Package pdftex.def Info: lde_8h_a2367200509bfed169f74596bdc08cc33_icgraph.pdf  
used on input line 152. on input line 152.
Package pdftex.def Info: Requested size: 268.0pt x 100.00102pt on input line 15
2.
) (./lse_8h.tex
<lse_8h__incl.pdf, id=549, pagebox=cropbox, 133.49875pt x 156.585pt>
File: lse_8h__incl.pdf Graphic file (type pdf)
<use lse_8h__incl.pdf>
Package pdftex.def Info: lse_8h__incl.pdf  used on input line 13. on input line
 13.
Package pdftex.def Info: Requested size: 133.0pt x 156.01595pt on input line 13
.
<lse_8h__dep__incl.pdf, id=550, pagebox=cropbox, 129.48375pt x 156.585pt>
File: lse_8h__dep__incl.pdf Graphic file (type pdf)
<use lse_8h__dep__incl.pdf>
Package pdftex.def Info: lse_8h__dep__incl.pdf  used on input line 20. on input
 line 20.
Package pdftex.def Info: Requested size: 129.0pt x 156.01595pt on input line 20
.
 [26 <./lde_8h_a2367200509bfed169f74596bdc08cc33_icgraph.pdf> <./lse_8h__incl.p
df

pdfTeX warning: pdflatex (file ./lse_8h__incl.pdf): PDF inclusion: multiple pdf
s with page group included in a single page
>]
Underfull \hbox (badness 10000) detected at line 41
[][][]
 []


Underfull \hbox (badness 10000) detected at line 46
[][][]
 []


Underfull \hbox (badness 10000) detected at line 62
[][][]
 []

<lse_8h_ad765d50b06255841230e5ead220623be_icgraph.pdf, id=589, pagebox=cropbox,
 276.03125pt x 100.375pt>
File: lse_8h_ad765d50b06255841230e5ead220623be_icgraph.pdf Graphic file (type p
df)
<use lse_8h_ad765d50b06255841230e5ead220623be_icgraph.pdf>
Package pdftex.def Info: lse_8h_ad765d50b06255841230e5ead220623be_icgraph.pdf  
used on input line 69. on input line 69.
Package pdftex.def Info: Requested size: 275.0pt x 100.01021pt on input line 69
.
[27 <./lse_8h__dep__incl.pdf>]

Package longtable Warning: Column widths have changed
(longtable)                in table 6.8 on input line 90.


Underfull \hbox (badness 10000) detected at line 91
[][][]
 []

<lse_8h_ad004db669d206be476474b218cbb88bc_icgraph.pdf, id=614, pagebox=cropbox,
 265.99374pt x 100.375pt>
File: lse_8h_ad004db669d206be476474b218cbb88bc_icgraph.pdf Graphic file (type p
df)
<use lse_8h_ad004db669d206be476474b218cbb88bc_icgraph.pdf>
Package pdftex.def Info: lse_8h_ad004db669d206be476474b218cbb88bc_icgraph.pdf  
used on input line 98. on input line 98.
Package pdftex.def Info: Requested size: 265.0pt x 100.00868pt on input line 98
.

Underfull \vbox (badness 1484) has occurred while \output is active []

 [28 <./lse_8h_ad765d50b06255841230e5ead220623be_icgraph.pdf>]

Package longtable Warning: Column widths have changed
(longtable)                in table 6.9 on input line 119.


Underfull \hbox (badness 10000) detected at line 120
[][][]
 []

<lse_8h_a7312566d42e1ebf660aa458dcff6338d_icgraph.pdf, id=634, pagebox=cropbox,
 398.48875pt x 100.375pt>
File: lse_8h_a7312566d42e1ebf660aa458dcff6338d_icgraph.pdf Graphic file (type p
df)
<use lse_8h_a7312566d42e1ebf660aa458dcff6338d_icgraph.pdf>
Package pdftex.def Info: lse_8h_a7312566d42e1ebf660aa458dcff6338d_icgraph.pdf  
used on input line 127. on input line 127.
Package pdftex.def Info: Requested size: 350.0pt x 88.16484pt on input line 127
.
[29 <./lse_8h_ad004db669d206be476474b218cbb88bc_icgraph.pdf> <./lse_8h_a7312566
d42e1ebf660aa458dcff6338d_icgraph.pdf

pdfTeX warning: pdflatex (file ./lse_8h_a7312566d42e1ebf660aa458dcff6338d_icgra
ph.pdf): PDF inclusion: multiple pdfs with page group included in a single page

>]

Package longtable Warning: Column widths have changed
(longtable)                in table 6.10 on input line 148.


Underfull \hbox (badness 10000) detected at line 149
[][][]
 []


Underfull \hbox (badness 10000) detected at line 152
[][][]
 []


Package longtable Warning: Column widths have changed
(longtable)                in table 6.11 on input line 173.

<lse_8h_a64b6200aec6744a6e0efb72212786248_icgraph.pdf, id=663, pagebox=cropbox,
 268.00125pt x 100.375pt>
File: lse_8h_a64b6200aec6744a6e0efb72212786248_icgraph.pdf Graphic file (type p
df)
<use lse_8h_a64b6200aec6744a6e0efb72212786248_icgraph.pdf>
Package pdftex.def Info: lse_8h_a64b6200aec6744a6e0efb72212786248_icgraph.pdf  
used on input line 178. on input line 178.
Package pdftex.def Info: Requested size: 267.0pt x 99.9995pt on input line 178.

) (./main_8c.tex
Underfull \vbox (badness 10000) has occurred while \output is active []

 [30]
<main_8c__incl.pdf, id=672, pagebox=cropbox, 714.67pt x 269.005pt>
File: main_8c__incl.pdf Graphic file (type pdf)
<use main_8c__incl.pdf>
Package pdftex.def Info: main_8c__incl.pdf  used on input line 22. on input lin
e 22.
Package pdftex.def Info: Requested size: 350.0pt x 131.73972pt on input line 22
.

[31 <./lse_8h_a64b6200aec6744a6e0efb72212786248_icgraph.pdf> <./main_8c__incl.p
df

pdfTeX warning: pdflatex (file ./main_8c__incl.pdf): PDF inclusion: multiple pd
fs with page group included in a single page
>]
Underfull \hbox (badness 10000) detected at line 47
[][][]
 []


Underfull \hbox (badness 10000) detected at line 52
[][][]
 []


Package longtable Warning: Column widths have changed
(longtable)                in table 6.12 on input line 76.


Underfull \hbox (badness 10000) detected at line 77
[][][]
 []

) (./manipula_dados_8h.tex
<manipula_dados_8h__incl.pdf, id=704, pagebox=cropbox, 181.67876pt x 212.795pt>

File: manipula_dados_8h__incl.pdf Graphic file (type pdf)
<use manipula_dados_8h__incl.pdf>
Package pdftex.def Info: manipula_dados_8h__incl.pdf  used on input line 13. on
 input line 13.
Package pdftex.def Info: Requested size: 181.0pt x 212.00543pt on input line 13
.
 [32]
<manipula_dados_8h__dep__incl.pdf, id=714, pagebox=cropbox, 181.67876pt x 156.5
85pt>
File: manipula_dados_8h__dep__incl.pdf Graphic file (type pdf)
<use manipula_dados_8h__dep__incl.pdf>
Package pdftex.def Info: manipula_dados_8h__dep__incl.pdf  used on input line 2
0. on input line 20.
Package pdftex.def Info: Requested size: 181.0pt x 156.004pt on input line 20.

Underfull \hbox (badness 10000) detected at line 35
[][][]
 []

[33 <./manipula_dados_8h__incl.pdf> <./manipula_dados_8h__dep__incl.pdf

pdfTeX warning: pdflatex (file ./manipula_dados_8h__dep__incl.pdf): PDF inclusi
on: multiple pdfs with page group included in a single page
>]
Underfull \hbox (badness 10000) detected at line 40
[][][]
 []


Package longtable Warning: Column widths have changed
(longtable)                in table 6.13 on input line 62.


Underfull \hbox (badness 10000) detected at line 63
[][][]
 []

<manipula_dados_8h_ab97166de20d3d2dbd7ae675f067e6ded_cgraph.pdf, id=747, pagebo
x=cropbox, 461.725pt x 386.44376pt>
File: manipula_dados_8h_ab97166de20d3d2dbd7ae675f067e6ded_cgraph.pdf Graphic fi
le (type pdf)
<use manipula_dados_8h_ab97166de20d3d2dbd7ae675f067e6ded_cgraph.pdf>
Package pdftex.def Info: manipula_dados_8h_ab97166de20d3d2dbd7ae675f067e6ded_cg
raph.pdf  used on input line 70. on input line 70.
Package pdftex.def Info: Requested size: 350.0pt x 292.93373pt on input line 70
.

Underfull \vbox (badness 10000) has occurred while \output is active []

 [34]

Package longtable Warning: Column widths have changed
(longtable)                in table 6.14 on input line 93.


Underfull \hbox (badness 10000) detected at line 94
[][][]
 []

) (./manipula_string_8h.tex [35 <./manipula_dados_8h_ab97166de20d3d2dbd7ae675f0
67e6ded_cgraph.pdf>]
<manipula_string_8h__dep__incl.pdf, id=776, pagebox=cropbox, 178.6675pt x 156.5
85pt>
File: manipula_string_8h__dep__incl.pdf Graphic file (type pdf)
<use manipula_string_8h__dep__incl.pdf>
Package pdftex.def Info: manipula_string_8h__dep__incl.pdf  used on input line 
12. on input line 12.
Package pdftex.def Info: Requested size: 178.0pt x 156.00879pt on input line 12
.

Underfull \hbox (badness 10000) detected at line 29
[][][]
 []


Underfull \hbox (badness 10000) detected at line 34
[][][]
 []

[36 <./manipula_string_8h__dep__incl.pdf>]

Package longtable Warning: Column widths have changed
(longtable)                in table 6.15 on input line 54.


Underfull \hbox (badness 10000) detected at line 55
[][][]
 []

<manipula_string_8h_a63ed716824573bfcd51287ae437ff9dc_icgraph.pdf, id=802, page
box=cropbox, 300.12125pt x 100.375pt>
File: manipula_string_8h_a63ed716824573bfcd51287ae437ff9dc_icgraph.pdf Graphic 
file (type pdf)
<use manipula_string_8h_a63ed716824573bfcd51287ae437ff9dc_icgraph.pdf>
Package pdftex.def Info: manipula_string_8h_a63ed716824573bfcd51287ae437ff9dc_i
cgraph.pdf  used on input line 62. on input line 62.
Package pdftex.def Info: Requested size: 299.0pt x 100.00868pt on input line 62
.

Package longtable Warning: Column widths have changed
(longtable)                in table 6.16 on input line 79.


Underfull \hbox (badness 10000) detected at line 80
[][][]
 []

<manipula_string_8h_a20a57ce9614b104d137a3c3037f4f574_icgraph.pdf, id=805, page
box=cropbox, 406.51875pt x 100.375pt>
File: manipula_string_8h_a20a57ce9614b104d137a3c3037f4f574_icgraph.pdf Graphic 
file (type pdf)
<use manipula_string_8h_a20a57ce9614b104d137a3c3037f4f574_icgraph.pdf>
Package pdftex.def Info: manipula_string_8h_a20a57ce9614b104d137a3c3037f4f574_i
cgraph.pdf  used on input line 87. on input line 87.
Package pdftex.def Info: Requested size: 350.0pt x 86.42342pt on input line 87.

[37 <./manipula_string_8h_a63ed716824573bfcd51287ae437ff9dc_icgraph.pdf> <./man
ipula_string_8h_a20a57ce9614b104d137a3c3037f4f574_icgraph.pdf

pdfTeX warning: pdflatex (file ./manipula_string_8h_a20a57ce9614b104d137a3c3037
f4f574_icgraph.pdf): PDF inclusion: multiple pdfs with page group included in a
 single page
>]

Package longtable Warning: Column widths have changed
(longtable)                in table 6.17 on input line 104.

<manipula_string_8h_a70ab0b22606dc0c70c1fc42a17c2dff0_cgraph.pdf, id=832, pageb
ox=cropbox, 285.065pt x 100.375pt>
File: manipula_string_8h_a70ab0b22606dc0c70c1fc42a17c2dff0_cgraph.pdf Graphic f
ile (type pdf)
<use manipula_string_8h_a70ab0b22606dc0c70c1fc42a17c2dff0_cgraph.pdf>
Package pdftex.def Info: manipula_string_8h_a70ab0b22606dc0c70c1fc42a17c2dff0_c
graph.pdf  used on input line 109. on input line 109.
Package pdftex.def Info: Requested size: 284.0pt x 99.9995pt on input line 109.

<manipula_string_8h_a70ab0b22606dc0c70c1fc42a17c2dff0_icgraph.pdf, id=833, page
box=cropbox, 308.15125pt x 100.375pt>
File: manipula_string_8h_a70ab0b22606dc0c70c1fc42a17c2dff0_icgraph.pdf Graphic 
file (type pdf)
<use manipula_string_8h_a70ab0b22606dc0c70c1fc42a17c2dff0_icgraph.pdf>
Package pdftex.def Info: manipula_string_8h_a70ab0b22606dc0c70c1fc42a17c2dff0_i
cgraph.pdf  used on input line 116. on input line 116.
Package pdftex.def Info: Requested size: 307.0pt x 100.00716pt on input line 11
6.
) (./operacoes_8h.tex
<operacoes_8h__incl.pdf, id=834, pagebox=cropbox, 156.585pt x 156.585pt>
File: operacoes_8h__incl.pdf Graphic file (type pdf)
<use operacoes_8h__incl.pdf>
Package pdftex.def Info: operacoes_8h__incl.pdf  used on input line 13. on inpu
t line 13.
Package pdftex.def Info: Requested size: 156.0pt x 156.0064pt on input line 13.

 [38 <./manipula_string_8h_a70ab0b22606dc0c70c1fc42a17c2dff0_cgraph.pdf> <./man
ipula_string_8h_a70ab0b22606dc0c70c1fc42a17c2dff0_icgraph.pdf

pdfTeX warning: pdflatex (file ./manipula_string_8h_a70ab0b22606dc0c70c1fc42a17
c2dff0_icgraph.pdf): PDF inclusion: multiple pdfs with page group included in a
 single page
>] [39 <./operacoes_8h__incl.pdf>]
Underfull \hbox (badness 10000) detected at line 58
[][][]
 []


Underfull \hbox (badness 10000) detected at line 63
[][][]
 []


Package longtable Warning: Column widths have changed
(longtable)                in table 6.18 on input line 89.


Underfull \hbox (badness 10000) detected at line 90
[][][]
 []


Underfull \hbox (badness 10000) detected at line 93
[][][]
 []

[40]

Package longtable Warning: Column widths have changed
(longtable)                in table 6.19 on input line 120.


Underfull \hbox (badness 10000) detected at line 121
[][][]
 []


Underfull \hbox (badness 10000) detected at line 124
[][][]
 []

<operacoes_8h_a31658a0ce4d50f633b73cc410753ed58_cgraph.pdf, id=940, pagebox=cro
pbox, 361.35pt x 100.375pt>
File: operacoes_8h_a31658a0ce4d50f633b73cc410753ed58_cgraph.pdf Graphic file (t
ype pdf)
<use operacoes_8h_a31658a0ce4d50f633b73cc410753ed58_cgraph.pdf>
Package pdftex.def Info: operacoes_8h_a31658a0ce4d50f633b73cc410753ed58_cgraph.
pdf  used on input line 131. on input line 131.
Package pdftex.def Info: Requested size: 350.0pt x 97.2227pt on input line 131.

[41 <./operacoes_8h_a31658a0ce4d50f633b73cc410753ed58_cgraph.pdf>]

Package longtable Warning: Column widths have changed
(longtable)                in table 6.20 on input line 154.


Underfull \hbox (badness 10000) detected at line 155
[][][]
 []

<operacoes_8h_ad5c8115288084f240afe157a2d62c433_icgraph.pdf, id=960, pagebox=cr
opbox, 460.72125pt x 111.41624pt>
File: operacoes_8h_ad5c8115288084f240afe157a2d62c433_icgraph.pdf Graphic file (
type pdf)
<use operacoes_8h_ad5c8115288084f240afe157a2d62c433_icgraph.pdf>
Package pdftex.def Info: operacoes_8h_ad5c8115288084f240afe157a2d62c433_icgraph
.pdf  used on input line 162. on input line 162.
Package pdftex.def Info: Requested size: 350.0pt x 84.63982pt on input line 162
.

Package longtable Warning: Column widths have changed
(longtable)                in table 6.21 on input line 187.


Underfull \hbox (badness 10000) detected at line 188
[][][]
 []

<operacoes_8h_a00195a3339794084b2ceb879da73642e_cgraph.pdf, id=964, pagebox=cro
pbox, 392.46625pt x 111.41624pt>
File: operacoes_8h_a00195a3339794084b2ceb879da73642e_cgraph.pdf Graphic file (t
ype pdf)
<use operacoes_8h_a00195a3339794084b2ceb879da73642e_cgraph.pdf>
Package pdftex.def Info: operacoes_8h_a00195a3339794084b2ceb879da73642e_cgraph.
pdf  used on input line 195. on input line 195.
Package pdftex.def Info: Requested size: 350.0pt x 99.36755pt on input line 195
.
[42 <./operacoes_8h_ad5c8115288084f240afe157a2d62c433_icgraph.pdf>]
<operacoes_8h_a00195a3339794084b2ceb879da73642e_icgraph.pdf, id=981, pagebox=cr
opbox, 475.7775pt x 111.41624pt>
File: operacoes_8h_a00195a3339794084b2ceb879da73642e_icgraph.pdf Graphic file (
type pdf)
<use operacoes_8h_a00195a3339794084b2ceb879da73642e_icgraph.pdf>
Package pdftex.def Info: operacoes_8h_a00195a3339794084b2ceb879da73642e_icgraph
.pdf  used on input line 202. on input line 202.
Package pdftex.def Info: Requested size: 350.0pt x 81.9656pt on input line 202.



Package longtable Warning: Column widths have changed
(longtable)                in table 6.22 on input line 225.


Underfull \hbox (badness 10000) detected at line 226
[][][]
 []

[43 <./operacoes_8h_a00195a3339794084b2ceb879da73642e_cgraph.pdf> <./operacoes_
8h_a00195a3339794084b2ceb879da73642e_icgraph.pdf

pdfTeX warning: pdflatex (file ./operacoes_8h_a00195a3339794084b2ceb879da73642e
_icgraph.pdf): PDF inclusion: multiple pdfs with page group included in a singl
e page
>]
Underfull \hbox (badness 10000) detected at line 229
[][][]
 []


Package longtable Warning: Column widths have changed
(longtable)                in table 6.23 on input line 254.


Package longtable Warning: Column widths have changed
(longtable)                in table 6.24 on input line 281.


Overfull \vbox (9.56148pt too high) has occurred while \output is active []


[44]
Underfull \hbox (badness 10000) detected at line 282
[][][]
 []


Underfull \hbox (badness 10000) detected at line 285
[][][]
 []


Package longtable Warning: Column widths have changed
(longtable)                in table 6.25 on input line 308.


Underfull \hbox (badness 10000) detected at line 309
[][][]
 []


Underfull \hbox (badness 10000) detected at line 312
[][][]
 []

<operacoes_8h_a4fe0890a6b92b76e2651aed7326988ad_cgraph.pdf, id=1033, pagebox=cr
opbox, 334.24875pt x 100.375pt>
File: operacoes_8h_a4fe0890a6b92b76e2651aed7326988ad_cgraph.pdf Graphic file (t
ype pdf)
<use operacoes_8h_a4fe0890a6b92b76e2651aed7326988ad_cgraph.pdf>
Package pdftex.def Info: operacoes_8h_a4fe0890a6b92b76e2651aed7326988ad_cgraph.
pdf  used on input line 319. on input line 319.
Package pdftex.def Info: Requested size: 333.0pt x 100.00868pt on input line 31
9.
<operacoes_8h_a4fe0890a6b92b76e2651aed7326988ad_icgraph.pdf, id=1034, pagebox=c
ropbox, 341.275pt x 100.375pt>
File: operacoes_8h_a4fe0890a6b92b76e2651aed7326988ad_icgraph.pdf Graphic file (
type pdf)
<use operacoes_8h_a4fe0890a6b92b76e2651aed7326988ad_icgraph.pdf>
Package pdftex.def Info: operacoes_8h_a4fe0890a6b92b76e2651aed7326988ad_icgraph
.pdf  used on input line 326. on input line 326.
Package pdftex.def Info: Requested size: 340.0pt x 100.00562pt on input line 32
6.
[45 <./operacoes_8h_a4fe0890a6b92b76e2651aed7326988ad_cgraph.pdf>]

Package longtable Warning: Column widths have changed
(longtable)                in table 6.26 on input line 343.


Underfull \hbox (badness 10000) detected at line 344
[][][]
 []

<operacoes_8h_abfc720731dce4781dfd389ee245f3821_cgraph.pdf, id=1052, pagebox=cr
opbox, 460.72125pt x 111.41624pt>
File: operacoes_8h_abfc720731dce4781dfd389ee245f3821_cgraph.pdf Graphic file (t
ype pdf)
<use operacoes_8h_abfc720731dce4781dfd389ee245f3821_cgraph.pdf>
Package pdftex.def Info: operacoes_8h_abfc720731dce4781dfd389ee245f3821_cgraph.
pdf  used on input line 351. on input line 351.
Package pdftex.def Info: Requested size: 350.0pt x 84.63982pt on input line 351
.
[46 <./operacoes_8h_a4fe0890a6b92b76e2651aed7326988ad_icgraph.pdf> <./operacoes
_8h_abfc720731dce4781dfd389ee245f3821_cgraph.pdf

pdfTeX warning: pdflatex (file ./operacoes_8h_abfc720731dce4781dfd389ee245f3821
_cgraph.pdf): PDF inclusion: multiple pdfs with page group included in a single
 page
>]

Package longtable Warning: Column widths have changed
(longtable)                in table 6.27 on input line 372.


Underfull \hbox (badness 10000) detected at line 373
[][][]
 []

<operacoes_8h_a0a89b388688c0c63b01d94d527c3ec88_cgraph.pdf, id=1079, pagebox=cr
opbox, 617.30624pt x 111.41624pt>
File: operacoes_8h_a0a89b388688c0c63b01d94d527c3ec88_cgraph.pdf Graphic file (t
ype pdf)
<use operacoes_8h_a0a89b388688c0c63b01d94d527c3ec88_cgraph.pdf>
Package pdftex.def Info: operacoes_8h_a0a89b388688c0c63b01d94d527c3ec88_cgraph.
pdf  used on input line 380. on input line 380.
Package pdftex.def Info: Requested size: 350.0pt x 63.173pt on input line 380.

Underfull \hbox (badness 1571) in paragraph at lines 393--394
[]\T1/phv/m/n/10 Ordena um ve-tor de int genri-cos us-ando o al-go-ritmo de Qu
ick Sort ([][]\T1/pcr/m/n/10 https[]://pt.[]wikipedia.[]
 []


Package longtable Warning: Column widths have changed
(longtable)                in table 6.28 on input line 403.


Underfull \hbox (badness 10000) detected at line 404
[][][]
 []

[47 <./operacoes_8h_a0a89b388688c0c63b01d94d527c3ec88_cgraph.pdf>]

Package longtable Warning: Column widths have changed
(longtable)                in table 6.29 on input line 425.


Underfull \hbox (badness 10000) detected at line 426
[][][]
 []


Underfull \hbox (badness 10000) detected at line 429
[][][]
 []

<operacoes_8h_a3af226df14ca18acf9c3de7d605004d5_icgraph.pdf, id=1105, pagebox=c
ropbox, 617.30624pt x 188.705pt>
File: operacoes_8h_a3af226df14ca18acf9c3de7d605004d5_icgraph.pdf Graphic file (
type pdf)
<use operacoes_8h_a3af226df14ca18acf9c3de7d605004d5_icgraph.pdf>
Package pdftex.def Info: operacoes_8h_a3af226df14ca18acf9c3de7d605004d5_icgraph
.pdf  used on input line 436. on input line 436.
Package pdftex.def Info: Requested size: 350.0pt x 106.99571pt on input line 43
6.

Package longtable Warning: Column widths have changed
(longtable)                in table 6.30 on input line 457.

[48 <./operacoes_8h_a3af226df14ca18acf9c3de7d605004d5_icgraph.pdf>]
Underfull \hbox (badness 10000) detected at line 458
[][][]
 []


Underfull \hbox (badness 10000) detected at line 461
[][][]
 []


Package longtable Warning: Column widths have changed
(longtable)                in table 6.31 on input line 484.


Underfull \hbox (badness 10000) detected at line 485
[][][]
 []


Underfull \hbox (badness 10000) detected at line 488
[][][]
 []

<operacoes_8h_a8375d33a9e2f1d5a7fa40eadbfd59ad3_cgraph.pdf, id=1130, pagebox=cr
opbox, 488.82625pt x 138.5175pt>
File: operacoes_8h_a8375d33a9e2f1d5a7fa40eadbfd59ad3_cgraph.pdf Graphic file (t
ype pdf)
<use operacoes_8h_a8375d33a9e2f1d5a7fa40eadbfd59ad3_cgraph.pdf>
Package pdftex.def Info: operacoes_8h_a8375d33a9e2f1d5a7fa40eadbfd59ad3_cgraph.
pdf  used on input line 495. on input line 495.
Package pdftex.def Info: Requested size: 350.0pt x 99.18086pt on input line 495
.
) (./struct_8h.tex
<struct_8h__dep__incl.pdf, id=1131, pagebox=cropbox, 512.91624pt x 269.005pt>
File: struct_8h__dep__incl.pdf Graphic file (type pdf)
<use struct_8h__dep__incl.pdf>
Package pdftex.def Info: struct_8h__dep__incl.pdf  used on input line 12. on in
put line 12.
Package pdftex.def Info: Requested size: 350.0pt x 183.5613pt on input line 12.

 [49 <./operacoes_8h_a8375d33a9e2f1d5a7fa40eadbfd59ad3_cgraph.pdf>]
Underfull \hbox (badness 10000) detected at line 47
[][][]
 []

[50 <./struct_8h__dep__incl.pdf>]
Underfull \hbox (badness 10000) detected at line 52
[][][]
 []


Underfull \hbox (badness 10000) detected at line 70
[][][]
 []

) [51] [52

]
No file refman.ind.

Package longtable Warning: Table widths have changed. Rerun LaTeX.

Package atveryend Info: Empty hook `BeforeClearDocument' on input line 179.
Package atveryend Info: Empty hook `AfterLastShipout' on input line 179.
(./refman.aux)
Package atveryend Info: Executing hook `AtVeryEndDocument' on input line 179.
Package atveryend Info: Executing hook `AtEndAfterFileList' on input line 179.


Package rerunfilecheck Warning: File `refman.out' has changed.
(rerunfilecheck)                Rerun to get outlines right
(rerunfilecheck)                or use package `bookmark'.

Package rerunfilecheck Info: Checksums for `refman.out':
(rerunfilecheck)             Before: <no file>
(rerunfilecheck)             After:  B762296B539330864E782D8A5EA4DC95;21204.

LaTeX Warning: There were undefined references.


LaTeX Warning: Label(s) may have changed. Rerun to get cross-references right.

Package atveryend Info: Empty hook `AtVeryVeryEnd' on input line 179.
 ) 
Here is how much of TeX's memory you used:
 15485 strings out of 494855
 230725 string characters out of 6179190
 298348 words of memory out of 5000000
 18150 multiletter control sequences out of 15000+600000
 65722 words of font info for 84 fonts, out of 8000000 for 9000
 59 hyphenation exceptions out of 8191
 53i,16n,92p,621b,631s stack positions out of 5000i,500n,10000p,200000b,80000s
{/usr/share/texlive/texmf-dist/fonts/enc/dvips/base/8r.enc}</usr/share/texliv
e/texmf-dist/fonts/type1/public/amsfonts/cm/cmmi10.pfb></usr/share/texlive/texm
f-dist/fonts/type1/public/amsfonts/cm/cmmi7.pfb></usr/share/texlive/texmf-dist/
fonts/type1/public/amsfonts/cm/cmr10.pfb></usr/share/texlive/texmf-dist/fonts/t
ype1/public/amsfonts/cm/cmsy10.pfb></usr/share/texlive/texmf-dist/fonts/type1/p
ublic/amsfonts/cm/cmsy7.pfb></usr/share/texlive/texmf-dist/fonts/type1/public/a
msfonts/cm/cmsy8.pfb></usr/share/texlive/texmf-dist/fonts/type1/urw/courier/ucr
r8a.pfb></usr/share/texlive/texmf-dist/fonts/type1/urw/courier/ucrro8a.pfb></us
r/share/texlive/texmf-dist/fonts/type1/urw/helvetic/uhvb8a.pfb></usr/share/texl
ive/texmf-dist/fonts/type1/urw/helvetic/uhvb8ac.pfb></usr/share/texlive/texmf-d
ist/fonts/type1/urw/helvetic/uhvr8a.pfb></usr/share/texlive/texmf-dist/fonts/ty
pe1/urw/helvetic/uhvro8a.pfb>
Output written on refman.pdf (58 pages, 464603 bytes).
PDF statistics:
 1316 PDF objects out of 1440 (max. 8388607)
 1091 compressed objects within 11 object streams
 335 named destinations out of 1000 (max. 500000)
 231 words of extra memory for PDF output out of 10000 (max. 10000000)

